This file contains any messages produced by compilers while
running configure, to aid debugging if configure makes a mistake.

It was created by Open Babel configure 2.1.1, which was
generated by GNU Autoconf 2.61.  Invocation command line was

  $ ./configure 

## --------- ##
## Platform. ##
## --------- ##

hostname = devc-008
uname -m = x86_64
uname -r = 3.10.0-229.el7.x86_64
uname -s = Linux
uname -v = #1 SMP Fri Mar 6 11:36:42 UTC 2015

/usr/bin/uname -p = x86_64
/bin/uname -X     = unknown

/bin/arch              = x86_64
/usr/bin/arch -k       = unknown
/usr/convex/getsysinfo = unknown
/usr/bin/hostinfo      = unknown
/bin/machine           = unknown
/usr/bin/oslevel       = unknown
/bin/universe          = unknown

PATH: /home/user1/miniconda3/envs/Env/bin
PATH: /home/user1/miniconda3/condabin
PATH: /home/user1/miniconda3/bin
PATH: /home/user1/miniconda3/bin
PATH: /home/user1/miniconda3/bin
PATH: /home/user1/miniconda3/bin
PATH: /usr/local/bin
PATH: /usr/bin
PATH: /usr/local/sbin
PATH: /usr/sbin
PATH: /home/user1/.local/bin
PATH: /home/user1/bin
PATH: /lwork02/yg/Tools/FAF/FAFDrugs2/extras/xscore/c++


## ----------- ##
## Core tests. ##
## ----------- ##

configure:2039: checking for a BSD-compatible install
configure:2095: result: /usr/bin/install -c
configure:2106: checking whether build environment is sane
configure:2149: result: yes
configure:2177: checking for a thread-safe mkdir -p
configure:2216: result: /usr/bin/mkdir -p
configure:2229: checking for gawk
configure:2245: found /usr/bin/gawk
configure:2256: result: gawk
configure:2267: checking whether make sets $(MAKE)
configure:2288: result: yes
configure:2467: checking whether to enable maintainer-specific portions of Makefiles
configure:2476: result: no
configure:2489: checking auto silent in maintainer mode
configure:2501: result: auto-sleep-9
configure:2555: checking build system type
configure:2573: result: x86_64-unknown-linux-gnu
configure:2595: checking host system type
configure:2610: result: x86_64-unknown-linux-gnu
configure:2711: checking for gcc
configure:2738: result: /home/user1/miniconda3/envs/Env/bin/x86_64-conda_cos6-linux-gnu-cc
configure:2976: checking for C compiler version
configure:2983: /home/user1/miniconda3/envs/Env/bin/x86_64-conda_cos6-linux-gnu-cc --version >&5
x86_64-conda_cos6-linux-gnu-cc (crosstool-NG fa8859cb) 7.2.0
Copyright (C) 2017 Free Software Foundation, Inc.
This is free software; see the source for copying conditions.  There is NO
warranty; not even for MERCHANTABILITY or FITNESS FOR A PARTICULAR PURPOSE.

configure:2986: $? = 0
configure:2993: /home/user1/miniconda3/envs/Env/bin/x86_64-conda_cos6-linux-gnu-cc -v >&5
Reading specs from /home/user1/miniconda3/envs/Env/bin/../lib/gcc/x86_64-conda_cos6-linux-gnu/7.2.0/specs
COLLECT_GCC=/home/user1/miniconda3/envs/Env/bin/x86_64-conda_cos6-linux-gnu-cc
COLLECT_LTO_WRAPPER=/home/user1/miniconda3/envs/Env/bin/../libexec/gcc/x86_64-conda_cos6-linux-gnu/7.2.0/lto-wrapper
Target: x86_64-conda_cos6-linux-gnu
Configured with: /opt/conda/conda-bld/compilers_linux-64_1520532893746/work/.build/src/gcc-7.2.0/configure --build=x86_64-build_pc-linux-gnu --host=x86_64-build_pc-linux-gnu --target=x86_64-conda_cos6-linux-gnu --prefix=/opt/conda/conda-bld/compilers_linux-64_1520532893746/work/gcc_built --with-sysroot=/opt/conda/conda-bld/compilers_linux-64_1520532893746/work/gcc_built/x86_64-conda_cos6-linux-gnu/sysroot --enable-languages=c,c++,fortran,objc,obj-c++ --with-pkgversion='crosstool-NG fa8859cb' --enable-__cxa_atexit --disable-libmudflap --enable-libgomp --disable-libssp --enable-libquadmath --enable-libquadmath-support --enable-libsanitizer --enable-libmpx --with-gmp=/opt/conda/conda-bld/compilers_linux-64_1520532893746/work/.build/x86_64-conda_cos6-linux-gnu/buildtools --with-mpfr=/opt/conda/conda-bld/compilers_linux-64_1520532893746/work/.build/x86_64-conda_cos6-linux-gnu/buildtools --with-mpc=/opt/conda/conda-bld/compilers_linux-64_1520532893746/work/.build/x86_64-conda_cos6-linux-gnu/buildtools --with-isl=/opt/conda/conda-bld/compilers_linux-64_1520532893746/work/.build/x86_64-conda_cos6-linux-gnu/buildtools --enable-lto --enable-threads=posix --enable-target-optspace --enable-plugin --enable-gold --disable-nls --disable-multilib --with-local-prefix=/opt/conda/conda-bld/compilers_linux-64_1520532893746/work/gcc_built/x86_64-conda_cos6-linux-gnu/sysroot --enable-long-long --enable-default-pie
Thread model: posix
gcc version 7.2.0 (crosstool-NG fa8859cb) 
configure:2996: $? = 0
configure:3003: /home/user1/miniconda3/envs/Env/bin/x86_64-conda_cos6-linux-gnu-cc -V >&5
x86_64-conda_cos6-linux-gnu-cc: error: unrecognized command line option '-V'
x86_64-conda_cos6-linux-gnu-cc: fatal error: no input files
compilation terminated.
configure:3006: $? = 1
configure:3029: checking for C compiler default output file name
configure:3056: /home/user1/miniconda3/envs/Env/bin/x86_64-conda_cos6-linux-gnu-cc -march=nocona -mtune=haswell -ftree-vectorize -fPIC -fstack-protector-strong -fno-plt -O2 -pipe -DNDEBUG -D_FORTIFY_SOURCE=2 -O2 -Wl,-O2 -Wl,--sort-common -Wl,--as-needed -Wl,-z,relro -Wl,-z,now conftest.c  >&5
configure:3059: $? = 0
configure:3097: result: a.out
configure:3114: checking whether the C compiler works
configure:3124: ./a.out
configure:3127: $? = 0
configure:3144: result: yes
configure:3151: checking whether we are cross compiling
configure:3153: result: no
configure:3156: checking for suffix of executables
configure:3163: /home/user1/miniconda3/envs/Env/bin/x86_64-conda_cos6-linux-gnu-cc -o conftest -march=nocona -mtune=haswell -ftree-vectorize -fPIC -fstack-protector-strong -fno-plt -O2 -pipe -DNDEBUG -D_FORTIFY_SOURCE=2 -O2 -Wl,-O2 -Wl,--sort-common -Wl,--as-needed -Wl,-z,relro -Wl,-z,now conftest.c  >&5
configure:3166: $? = 0
configure:3190: result: 
configure:3196: checking for suffix of object files
configure:3222: /home/user1/miniconda3/envs/Env/bin/x86_64-conda_cos6-linux-gnu-cc -c -march=nocona -mtune=haswell -ftree-vectorize -fPIC -fstack-protector-strong -fno-plt -O2 -pipe -DNDEBUG -D_FORTIFY_SOURCE=2 -O2 conftest.c >&5
configure:3225: $? = 0
configure:3248: result: o
configure:3252: checking whether we are using the GNU C compiler
configure:3281: /home/user1/miniconda3/envs/Env/bin/x86_64-conda_cos6-linux-gnu-cc -c -march=nocona -mtune=haswell -ftree-vectorize -fPIC -fstack-protector-strong -fno-plt -O2 -pipe -DNDEBUG -D_FORTIFY_SOURCE=2 -O2 conftest.c >&5
configure:3287: $? = 0
configure:3304: result: yes
configure:3309: checking whether /home/user1/miniconda3/envs/Env/bin/x86_64-conda_cos6-linux-gnu-cc accepts -g
configure:3339: /home/user1/miniconda3/envs/Env/bin/x86_64-conda_cos6-linux-gnu-cc -c -g -DNDEBUG -D_FORTIFY_SOURCE=2 -O2 conftest.c >&5
configure:3345: $? = 0
configure:3444: result: yes
configure:3461: checking for /home/user1/miniconda3/envs/Env/bin/x86_64-conda_cos6-linux-gnu-cc option to accept ISO C89
configure:3535: /home/user1/miniconda3/envs/Env/bin/x86_64-conda_cos6-linux-gnu-cc  -c -march=nocona -mtune=haswell -ftree-vectorize -fPIC -fstack-protector-strong -fno-plt -O2 -pipe -DNDEBUG -D_FORTIFY_SOURCE=2 -O2 conftest.c >&5
configure:3541: $? = 0
configure:3564: result: none needed
configure:3593: checking for style of include used by make
configure:3621: result: GNU
configure:3646: checking dependency style of /home/user1/miniconda3/envs/Env/bin/x86_64-conda_cos6-linux-gnu-cc
configure:3737: result: gcc3
configure:3868: checking for C++ compiler version
configure:3875: /home/user1/miniconda3/envs/Env/bin/x86_64-conda_cos6-linux-gnu-c++ --version >&5
x86_64-conda_cos6-linux-gnu-c++ (crosstool-NG fa8859cb) 7.2.0
Copyright (C) 2017 Free Software Foundation, Inc.
This is free software; see the source for copying conditions.  There is NO
warranty; not even for MERCHANTABILITY or FITNESS FOR A PARTICULAR PURPOSE.

configure:3878: $? = 0
configure:3885: /home/user1/miniconda3/envs/Env/bin/x86_64-conda_cos6-linux-gnu-c++ -v >&5
Reading specs from /home/user1/miniconda3/envs/Env/bin/../lib/gcc/x86_64-conda_cos6-linux-gnu/7.2.0/specs
COLLECT_GCC=/home/user1/miniconda3/envs/Env/bin/x86_64-conda_cos6-linux-gnu-c++
COLLECT_LTO_WRAPPER=/home/user1/miniconda3/envs/Env/bin/../libexec/gcc/x86_64-conda_cos6-linux-gnu/7.2.0/lto-wrapper
Target: x86_64-conda_cos6-linux-gnu
Configured with: /opt/conda/conda-bld/compilers_linux-64_1520532893746/work/.build/src/gcc-7.2.0/configure --build=x86_64-build_pc-linux-gnu --host=x86_64-build_pc-linux-gnu --target=x86_64-conda_cos6-linux-gnu --prefix=/opt/conda/conda-bld/compilers_linux-64_1520532893746/work/gcc_built --with-sysroot=/opt/conda/conda-bld/compilers_linux-64_1520532893746/work/gcc_built/x86_64-conda_cos6-linux-gnu/sysroot --enable-languages=c,c++,fortran,objc,obj-c++ --with-pkgversion='crosstool-NG fa8859cb' --enable-__cxa_atexit --disable-libmudflap --enable-libgomp --disable-libssp --enable-libquadmath --enable-libquadmath-support --enable-libsanitizer --enable-libmpx --with-gmp=/opt/conda/conda-bld/compilers_linux-64_1520532893746/work/.build/x86_64-conda_cos6-linux-gnu/buildtools --with-mpfr=/opt/conda/conda-bld/compilers_linux-64_1520532893746/work/.build/x86_64-conda_cos6-linux-gnu/buildtools --with-mpc=/opt/conda/conda-bld/compilers_linux-64_1520532893746/work/.build/x86_64-conda_cos6-linux-gnu/buildtools --with-isl=/opt/conda/conda-bld/compilers_linux-64_1520532893746/work/.build/x86_64-conda_cos6-linux-gnu/buildtools --enable-lto --enable-threads=posix --enable-target-optspace --enable-plugin --enable-gold --disable-nls --disable-multilib --with-local-prefix=/opt/conda/conda-bld/compilers_linux-64_1520532893746/work/gcc_built/x86_64-conda_cos6-linux-gnu/sysroot --enable-long-long --enable-default-pie
Thread model: posix
gcc version 7.2.0 (crosstool-NG fa8859cb) 
configure:3888: $? = 0
configure:3895: /home/user1/miniconda3/envs/Env/bin/x86_64-conda_cos6-linux-gnu-c++ -V >&5
x86_64-conda_cos6-linux-gnu-c++: error: unrecognized command line option '-V'
x86_64-conda_cos6-linux-gnu-c++: fatal error: no input files
compilation terminated.
configure:3898: $? = 1
configure:3901: checking whether we are using the GNU C++ compiler
configure:3930: /home/user1/miniconda3/envs/Env/bin/x86_64-conda_cos6-linux-gnu-c++ -c -fvisibility-inlines-hidden -std=c++17 -fmessage-length=0 -march=nocona -mtune=haswell -ftree-vectorize -fPIC -fstack-protector-strong -fno-plt -O2 -pipe -DNDEBUG -D_FORTIFY_SOURCE=2 -O2 conftest.cpp >&5
configure:3936: $? = 0
configure:3953: result: yes
configure:3958: checking whether /home/user1/miniconda3/envs/Env/bin/x86_64-conda_cos6-linux-gnu-c++ accepts -g
configure:3988: /home/user1/miniconda3/envs/Env/bin/x86_64-conda_cos6-linux-gnu-c++ -c -g -DNDEBUG -D_FORTIFY_SOURCE=2 -O2 conftest.cpp >&5
configure:3994: $? = 0
configure:4093: result: yes
configure:4118: checking dependency style of /home/user1/miniconda3/envs/Env/bin/x86_64-conda_cos6-linux-gnu-c++
configure:4209: result: gcc3
configure:4229: checking how to run the C++ preprocessor
configure:4265: /home/user1/miniconda3/envs/Env/bin/x86_64-conda_cos6-linux-gnu-c++ -E -DNDEBUG -D_FORTIFY_SOURCE=2 -O2 conftest.cpp
configure:4271: $? = 0
configure:4302: /home/user1/miniconda3/envs/Env/bin/x86_64-conda_cos6-linux-gnu-c++ -E -DNDEBUG -D_FORTIFY_SOURCE=2 -O2 conftest.cpp
conftest.cpp:10:10: fatal error: ac_nonexistent.h: No such file or directory
 #include <ac_nonexistent.h>
          ^~~~~~~~~~~~~~~~~~
compilation terminated.
configure:4308: $? = 1
configure: failed program was:
| /* confdefs.h.  */
| #define PACKAGE_NAME "Open Babel"
| #define PACKAGE_TARNAME "openbabel"
| #define PACKAGE_VERSION "2.1.1"
| #define PACKAGE_STRING "Open Babel 2.1.1"
| #define PACKAGE_BUGREPORT "openbabel-discuss@lists.sourceforge.net"
| #define BABEL_VERSION "2.1.1"
| #define BABEL_DATADIR "/usr/local/share/openbabel"
| /* end confdefs.h.  */
| #include <ac_nonexistent.h>
configure:4341: result: /home/user1/miniconda3/envs/Env/bin/x86_64-conda_cos6-linux-gnu-c++ -E
configure:4370: /home/user1/miniconda3/envs/Env/bin/x86_64-conda_cos6-linux-gnu-c++ -E -DNDEBUG -D_FORTIFY_SOURCE=2 -O2 conftest.cpp
configure:4376: $? = 0
configure:4407: /home/user1/miniconda3/envs/Env/bin/x86_64-conda_cos6-linux-gnu-c++ -E -DNDEBUG -D_FORTIFY_SOURCE=2 -O2 conftest.cpp
conftest.cpp:10:10: fatal error: ac_nonexistent.h: No such file or directory
 #include <ac_nonexistent.h>
          ^~~~~~~~~~~~~~~~~~
compilation terminated.
configure:4413: $? = 1
configure: failed program was:
| /* confdefs.h.  */
| #define PACKAGE_NAME "Open Babel"
| #define PACKAGE_TARNAME "openbabel"
| #define PACKAGE_VERSION "2.1.1"
| #define PACKAGE_STRING "Open Babel 2.1.1"
| #define PACKAGE_BUGREPORT "openbabel-discuss@lists.sourceforge.net"
| #define BABEL_VERSION "2.1.1"
| #define BABEL_DATADIR "/usr/local/share/openbabel"
| /* end confdefs.h.  */
| #include <ac_nonexistent.h>
configure:4463: checking for a BSD-compatible install
configure:4519: result: /usr/bin/install -c
configure:4532: checking for doxygen
configure:4550: found /usr/bin/doxygen
configure:4562: result: /usr/bin/doxygen
configure:4572: checking for swig
configure:4590: found /usr/bin/swig
configure:4602: result: /usr/bin/swig
configure:4612: checking for perl
configure:4630: found /usr/bin/perl
configure:4642: result: /usr/bin/perl
configure:4652: checking for prove
configure:4670: found /usr/bin/prove
configure:4682: result: /usr/bin/prove
configure:4692: checking for python
configure:4710: found /home/user1/miniconda3/envs/Env/bin/python
configure:4722: result: /home/user1/miniconda3/envs/Env/bin/python
configure:4732: checking for ruby
configure:4765: result: no
configure:4783: checking wxWidgets version
configure:4789: result: not found
configure:4945: checking for a sed that does not truncate output
configure:4999: result: /usr/bin/sed
configure:5002: checking for grep that handles long lines and -e
configure:5076: result: /usr/bin/grep
configure:5081: checking for egrep
configure:5159: result: /usr/bin/grep -E
configure:5175: checking for ld used by /home/user1/miniconda3/envs/Env/bin/x86_64-conda_cos6-linux-gnu-cc
configure:5242: result: /home/user1/miniconda3/envs/Env/bin/x86_64-conda_cos6-linux-gnu-ld
configure:5251: checking if the linker (/home/user1/miniconda3/envs/Env/bin/x86_64-conda_cos6-linux-gnu-ld) is GNU ld
configure:5266: result: yes
configure:5271: checking for /home/user1/miniconda3/envs/Env/bin/x86_64-conda_cos6-linux-gnu-ld option to reload object files
configure:5278: result: -r
configure:5296: checking for BSD-compatible nm
configure:5345: result: /home/user1/miniconda3/envs/Env/bin/x86_64-conda_cos6-linux-gnu-nm
configure:5349: checking whether ln -s works
configure:5353: result: yes
configure:5360: checking how to recognise dependent libraries
configure:5536: result: pass_all
configure:5624: /home/user1/miniconda3/envs/Env/bin/x86_64-conda_cos6-linux-gnu-cc -c -march=nocona -mtune=haswell -ftree-vectorize -fPIC -fstack-protector-strong -fno-plt -O2 -pipe -DNDEBUG -D_FORTIFY_SOURCE=2 -O2 conftest.c >&5
configure:5627: $? = 0
configure:6060: checking how to run the C preprocessor
configure:6176: result: /home/user1/miniconda3/envs/Env/bin/x86_64-conda_cos6-linux-gnu-cpp
configure:6205: /home/user1/miniconda3/envs/Env/bin/x86_64-conda_cos6-linux-gnu-cpp -DNDEBUG -D_FORTIFY_SOURCE=2 -O2 conftest.c
configure:6211: $? = 0
configure:6242: /home/user1/miniconda3/envs/Env/bin/x86_64-conda_cos6-linux-gnu-cpp -DNDEBUG -D_FORTIFY_SOURCE=2 -O2 conftest.c
conftest.c:10:10: fatal error: ac_nonexistent.h: No such file or directory
 #include <ac_nonexistent.h>
          ^~~~~~~~~~~~~~~~~~
compilation terminated.
configure:6248: $? = 1
configure: failed program was:
| /* confdefs.h.  */
| #define PACKAGE_NAME "Open Babel"
| #define PACKAGE_TARNAME "openbabel"
| #define PACKAGE_VERSION "2.1.1"
| #define PACKAGE_STRING "Open Babel 2.1.1"
| #define PACKAGE_BUGREPORT "openbabel-discuss@lists.sourceforge.net"
| #define BABEL_VERSION "2.1.1"
| #define BABEL_DATADIR "/usr/local/share/openbabel"
| /* end confdefs.h.  */
| #include <ac_nonexistent.h>
configure:6286: checking for ANSI C header files
configure:6316: /home/user1/miniconda3/envs/Env/bin/x86_64-conda_cos6-linux-gnu-cc -c -march=nocona -mtune=haswell -ftree-vectorize -fPIC -fstack-protector-strong -fno-plt -O2 -pipe -DNDEBUG -D_FORTIFY_SOURCE=2 -O2 conftest.c >&5
configure:6322: $? = 0
configure:6421: /home/user1/miniconda3/envs/Env/bin/x86_64-conda_cos6-linux-gnu-cc -o conftest -march=nocona -mtune=haswell -ftree-vectorize -fPIC -fstack-protector-strong -fno-plt -O2 -pipe -DNDEBUG -D_FORTIFY_SOURCE=2 -O2 -Wl,-O2 -Wl,--sort-common -Wl,--as-needed -Wl,-z,relro -Wl,-z,now conftest.c  >&5
configure:6424: $? = 0
configure:6430: ./conftest
configure:6433: $? = 0
configure:6450: result: yes
configure:6474: checking for sys/types.h
configure:6495: /home/user1/miniconda3/envs/Env/bin/x86_64-conda_cos6-linux-gnu-cc -c -march=nocona -mtune=haswell -ftree-vectorize -fPIC -fstack-protector-strong -fno-plt -O2 -pipe -DNDEBUG -D_FORTIFY_SOURCE=2 -O2 conftest.c >&5
configure:6501: $? = 0
configure:6517: result: yes
configure:6474: checking for sys/stat.h
configure:6495: /home/user1/miniconda3/envs/Env/bin/x86_64-conda_cos6-linux-gnu-cc -c -march=nocona -mtune=haswell -ftree-vectorize -fPIC -fstack-protector-strong -fno-plt -O2 -pipe -DNDEBUG -D_FORTIFY_SOURCE=2 -O2 conftest.c >&5
configure:6501: $? = 0
configure:6517: result: yes
configure:6474: checking for stdlib.h
configure:6495: /home/user1/miniconda3/envs/Env/bin/x86_64-conda_cos6-linux-gnu-cc -c -march=nocona -mtune=haswell -ftree-vectorize -fPIC -fstack-protector-strong -fno-plt -O2 -pipe -DNDEBUG -D_FORTIFY_SOURCE=2 -O2 conftest.c >&5
configure:6501: $? = 0
configure:6517: result: yes
configure:6474: checking for string.h
configure:6495: /home/user1/miniconda3/envs/Env/bin/x86_64-conda_cos6-linux-gnu-cc -c -march=nocona -mtune=haswell -ftree-vectorize -fPIC -fstack-protector-strong -fno-plt -O2 -pipe -DNDEBUG -D_FORTIFY_SOURCE=2 -O2 conftest.c >&5
configure:6501: $? = 0
configure:6517: result: yes
configure:6474: checking for memory.h
configure:6495: /home/user1/miniconda3/envs/Env/bin/x86_64-conda_cos6-linux-gnu-cc -c -march=nocona -mtune=haswell -ftree-vectorize -fPIC -fstack-protector-strong -fno-plt -O2 -pipe -DNDEBUG -D_FORTIFY_SOURCE=2 -O2 conftest.c >&5
configure:6501: $? = 0
configure:6517: result: yes
configure:6474: checking for strings.h
configure:6495: /home/user1/miniconda3/envs/Env/bin/x86_64-conda_cos6-linux-gnu-cc -c -march=nocona -mtune=haswell -ftree-vectorize -fPIC -fstack-protector-strong -fno-plt -O2 -pipe -DNDEBUG -D_FORTIFY_SOURCE=2 -O2 conftest.c >&5
configure:6501: $? = 0
configure:6517: result: yes
configure:6474: checking for inttypes.h
configure:6495: /home/user1/miniconda3/envs/Env/bin/x86_64-conda_cos6-linux-gnu-cc -c -march=nocona -mtune=haswell -ftree-vectorize -fPIC -fstack-protector-strong -fno-plt -O2 -pipe -DNDEBUG -D_FORTIFY_SOURCE=2 -O2 conftest.c >&5
configure:6501: $? = 0
configure:6517: result: yes
configure:6474: checking for stdint.h
configure:6495: /home/user1/miniconda3/envs/Env/bin/x86_64-conda_cos6-linux-gnu-cc -c -march=nocona -mtune=haswell -ftree-vectorize -fPIC -fstack-protector-strong -fno-plt -O2 -pipe -DNDEBUG -D_FORTIFY_SOURCE=2 -O2 conftest.c >&5
configure:6501: $? = 0
configure:6517: result: yes
configure:6474: checking for unistd.h
configure:6495: /home/user1/miniconda3/envs/Env/bin/x86_64-conda_cos6-linux-gnu-cc -c -march=nocona -mtune=haswell -ftree-vectorize -fPIC -fstack-protector-strong -fno-plt -O2 -pipe -DNDEBUG -D_FORTIFY_SOURCE=2 -O2 conftest.c >&5
configure:6501: $? = 0
configure:6517: result: yes
configure:6544: checking dlfcn.h usability
configure:6561: /home/user1/miniconda3/envs/Env/bin/x86_64-conda_cos6-linux-gnu-cc -c -march=nocona -mtune=haswell -ftree-vectorize -fPIC -fstack-protector-strong -fno-plt -O2 -pipe -DNDEBUG -D_FORTIFY_SOURCE=2 -O2 conftest.c >&5
configure:6567: $? = 0
configure:6581: result: yes
configure:6585: checking dlfcn.h presence
configure:6600: /home/user1/miniconda3/envs/Env/bin/x86_64-conda_cos6-linux-gnu-cpp -DNDEBUG -D_FORTIFY_SOURCE=2 -O2 conftest.c
configure:6606: $? = 0
configure:6620: result: yes
configure:6653: checking for dlfcn.h
configure:6661: result: yes
configure:6684: checking how to run the C++ preprocessor
configure:6796: result: /home/user1/miniconda3/envs/Env/bin/x86_64-conda_cos6-linux-gnu-c++ -E
configure:6825: /home/user1/miniconda3/envs/Env/bin/x86_64-conda_cos6-linux-gnu-c++ -E -DNDEBUG -D_FORTIFY_SOURCE=2 -O2 conftest.cpp
configure:6831: $? = 0
configure:6862: /home/user1/miniconda3/envs/Env/bin/x86_64-conda_cos6-linux-gnu-c++ -E -DNDEBUG -D_FORTIFY_SOURCE=2 -O2 conftest.cpp
conftest.cpp:21:10: fatal error: ac_nonexistent.h: No such file or directory
 #include <ac_nonexistent.h>
          ^~~~~~~~~~~~~~~~~~
compilation terminated.
configure:6868: $? = 1
configure: failed program was:
| /* confdefs.h.  */
| #define PACKAGE_NAME "Open Babel"
| #define PACKAGE_TARNAME "openbabel"
| #define PACKAGE_VERSION "2.1.1"
| #define PACKAGE_STRING "Open Babel 2.1.1"
| #define PACKAGE_BUGREPORT "openbabel-discuss@lists.sourceforge.net"
| #define BABEL_VERSION "2.1.1"
| #define BABEL_DATADIR "/usr/local/share/openbabel"
| #define STDC_HEADERS 1
| #define HAVE_SYS_TYPES_H 1
| #define HAVE_SYS_STAT_H 1
| #define HAVE_STDLIB_H 1
| #define HAVE_STRING_H 1
| #define HAVE_MEMORY_H 1
| #define HAVE_STRINGS_H 1
| #define HAVE_INTTYPES_H 1
| #define HAVE_STDINT_H 1
| #define HAVE_UNISTD_H 1
| #define HAVE_DLFCN_H 1
| /* end confdefs.h.  */
| #include <ac_nonexistent.h>
configure:7018: checking for Fortran 77 compiler version
configure:7025: /home/user1/miniconda3/envs/Env/bin/x86_64-conda_cos6-linux-gnu-gfortran --version >&5
GNU Fortran (crosstool-NG fa8859cb) 7.2.0
Copyright (C) 2017 Free Software Foundation, Inc.
This is free software; see the source for copying conditions.  There is NO
warranty; not even for MERCHANTABILITY or FITNESS FOR A PARTICULAR PURPOSE.

configure:7028: $? = 0
configure:7035: /home/user1/miniconda3/envs/Env/bin/x86_64-conda_cos6-linux-gnu-gfortran -v >&5
Reading specs from /home/user1/miniconda3/envs/Env/bin/../lib/gcc/x86_64-conda_cos6-linux-gnu/7.2.0/specs
Reading specs from /home/user1/miniconda3/envs/Env/bin/../lib/gcc/x86_64-conda_cos6-linux-gnu/7.2.0/specs
COLLECT_GCC=/home/user1/miniconda3/envs/Env/bin/x86_64-conda_cos6-linux-gnu-gfortran.bin
COLLECT_LTO_WRAPPER=/home/user1/miniconda3/envs/Env/bin/../libexec/gcc/x86_64-conda_cos6-linux-gnu/7.2.0/lto-wrapper
Target: x86_64-conda_cos6-linux-gnu
Configured with: /opt/conda/conda-bld/compilers_linux-64_1520532893746/work/.build/src/gcc-7.2.0/configure --build=x86_64-build_pc-linux-gnu --host=x86_64-build_pc-linux-gnu --target=x86_64-conda_cos6-linux-gnu --prefix=/opt/conda/conda-bld/compilers_linux-64_1520532893746/work/gcc_built --with-sysroot=/opt/conda/conda-bld/compilers_linux-64_1520532893746/work/gcc_built/x86_64-conda_cos6-linux-gnu/sysroot --enable-languages=c,c++,fortran,objc,obj-c++ --with-pkgversion='crosstool-NG fa8859cb' --enable-__cxa_atexit --disable-libmudflap --enable-libgomp --disable-libssp --enable-libquadmath --enable-libquadmath-support --enable-libsanitizer --enable-libmpx --with-gmp=/opt/conda/conda-bld/compilers_linux-64_1520532893746/work/.build/x86_64-conda_cos6-linux-gnu/buildtools --with-mpfr=/opt/conda/conda-bld/compilers_linux-64_1520532893746/work/.build/x86_64-conda_cos6-linux-gnu/buildtools --with-mpc=/opt/conda/conda-bld/compilers_linux-64_1520532893746/work/.build/x86_64-conda_cos6-linux-gnu/buildtools --with-isl=/opt/conda/conda-bld/compilers_linux-64_1520532893746/work/.build/x86_64-conda_cos6-linux-gnu/buildtools --enable-lto --enable-threads=posix --enable-target-optspace --enable-plugin --enable-gold --disable-nls --disable-multilib --with-local-prefix=/opt/conda/conda-bld/compilers_linux-64_1520532893746/work/gcc_built/x86_64-conda_cos6-linux-gnu/sysroot --enable-long-long --enable-default-pie
Thread model: posix
gcc version 7.2.0 (crosstool-NG fa8859cb) 
configure:7038: $? = 0
configure:7045: /home/user1/miniconda3/envs/Env/bin/x86_64-conda_cos6-linux-gnu-gfortran -V >&5
x86_64-conda_cos6-linux-gnu-gfortran.bin: error: unrecognized command line option '-V'
x86_64-conda_cos6-linux-gnu-gfortran.bin: fatal error: no input files
compilation terminated.
configure:7048: $? = 1
configure:7056: checking whether we are using the GNU Fortran 77 compiler
configure:7075: /home/user1/miniconda3/envs/Env/bin/x86_64-conda_cos6-linux-gnu-gfortran -c -fopenmp -march=nocona -mtune=haswell -ftree-vectorize -fPIC -fstack-protector-strong -fno-plt -O2 -pipe conftest.F >&5
configure:7081: $? = 0
configure:7098: result: yes
configure:7104: checking whether /home/user1/miniconda3/envs/Env/bin/x86_64-conda_cos6-linux-gnu-gfortran accepts -g
configure:7121: /home/user1/miniconda3/envs/Env/bin/x86_64-conda_cos6-linux-gnu-gfortran -c -g conftest.f >&5
configure:7127: $? = 0
configure:7143: result: yes
configure:7173: checking the maximum length of command line arguments
configure:7282: result: 32768
configure:7293: checking command to parse /home/user1/miniconda3/envs/Env/bin/x86_64-conda_cos6-linux-gnu-nm output from /home/user1/miniconda3/envs/Env/bin/x86_64-conda_cos6-linux-gnu-cc object
configure:7398: /home/user1/miniconda3/envs/Env/bin/x86_64-conda_cos6-linux-gnu-cc -c -march=nocona -mtune=haswell -ftree-vectorize -fPIC -fstack-protector-strong -fno-plt -O2 -pipe -DNDEBUG -D_FORTIFY_SOURCE=2 -O2 conftest.c >&5
configure:7401: $? = 0
configure:7405: /home/user1/miniconda3/envs/Env/bin/x86_64-conda_cos6-linux-gnu-nm conftest.o \| sed -n -e 's/^.*[ 	]\([ABCDGIRSTW][ABCDGIRSTW]*\)[ 	][ 	]*\([_A-Za-z][_A-Za-z0-9]*\)$/\1 \2 \2/p' \> conftest.nm
configure:7408: $? = 0
configure:7460: /home/user1/miniconda3/envs/Env/bin/x86_64-conda_cos6-linux-gnu-cc -o conftest -march=nocona -mtune=haswell -ftree-vectorize -fPIC -fstack-protector-strong -fno-plt -O2 -pipe -DNDEBUG -D_FORTIFY_SOURCE=2 -O2 -Wl,-O2 -Wl,--sort-common -Wl,--as-needed -Wl,-z,relro -Wl,-z,now conftest.c conftstm.o >&5
configure:7463: $? = 0
configure:7501: result: ok
configure:7505: checking for objdir
configure:7520: result: .libs
configure:7612: checking for ar
configure:7639: result: /home/user1/miniconda3/envs/Env/bin/x86_64-conda_cos6-linux-gnu-ar
configure:7708: checking for ranlib
configure:7735: result: /home/user1/miniconda3/envs/Env/bin/x86_64-conda_cos6-linux-gnu-ranlib
configure:7804: checking for strip
configure:7831: result: /home/user1/miniconda3/envs/Env/bin/x86_64-conda_cos6-linux-gnu-strip
configure:8117: checking if /home/user1/miniconda3/envs/Env/bin/x86_64-conda_cos6-linux-gnu-cc supports -fno-rtti -fno-exceptions
configure:8135: /home/user1/miniconda3/envs/Env/bin/x86_64-conda_cos6-linux-gnu-cc -c -march=nocona -mtune=haswell -ftree-vectorize -fPIC -fstack-protector-strong -fno-plt -O2 -pipe -DNDEBUG -D_FORTIFY_SOURCE=2 -O2 -fno-rtti -fno-exceptions conftest.c >&5
cc1: warning: command line option '-fno-rtti' is valid for C++/ObjC++ but not for C
configure:8139: $? = 0
configure:8152: result: no
configure:8167: checking for /home/user1/miniconda3/envs/Env/bin/x86_64-conda_cos6-linux-gnu-cc option to produce PIC
configure:8377: result: -fPIC
configure:8385: checking if /home/user1/miniconda3/envs/Env/bin/x86_64-conda_cos6-linux-gnu-cc PIC flag -fPIC works
configure:8403: /home/user1/miniconda3/envs/Env/bin/x86_64-conda_cos6-linux-gnu-cc -c -march=nocona -mtune=haswell -ftree-vectorize -fPIC -fstack-protector-strong -fno-plt -O2 -pipe -DNDEBUG -D_FORTIFY_SOURCE=2 -O2 -fPIC -DPIC conftest.c >&5
configure:8407: $? = 0
configure:8420: result: yes
configure:8448: checking if /home/user1/miniconda3/envs/Env/bin/x86_64-conda_cos6-linux-gnu-cc static flag -static works
configure:8476: result: yes
configure:8486: checking if /home/user1/miniconda3/envs/Env/bin/x86_64-conda_cos6-linux-gnu-cc supports -c -o file.o
configure:8507: /home/user1/miniconda3/envs/Env/bin/x86_64-conda_cos6-linux-gnu-cc -c -march=nocona -mtune=haswell -ftree-vectorize -fPIC -fstack-protector-strong -fno-plt -O2 -pipe -DNDEBUG -D_FORTIFY_SOURCE=2 -O2 -o out/conftest2.o conftest.c >&5
configure:8511: $? = 0
configure:8533: result: yes
configure:8559: checking whether the /home/user1/miniconda3/envs/Env/bin/x86_64-conda_cos6-linux-gnu-cc linker (/home/user1/miniconda3/envs/Env/bin/x86_64-conda_cos6-linux-gnu-ld -m elf_x86_64) supports shared libraries
configure:9513: result: yes
configure:9534: checking whether -lc should be explicitly linked in
configure:9539: /home/user1/miniconda3/envs/Env/bin/x86_64-conda_cos6-linux-gnu-cc -c -march=nocona -mtune=haswell -ftree-vectorize -fPIC -fstack-protector-strong -fno-plt -O2 -pipe -DNDEBUG -D_FORTIFY_SOURCE=2 -O2 conftest.c >&5
configure:9542: $? = 0
configure:9557: /home/user1/miniconda3/envs/Env/bin/x86_64-conda_cos6-linux-gnu-cc -shared conftest.o  -v -Wl,-soname -Wl,conftest -o conftest 2\>\&1 \| grep  -lc  \>/dev/null 2\>\&1
configure:9560: $? = 0
configure:9572: result: no
configure:9580: checking dynamic linker characteristics
configure:10168: result: GNU/Linux ld.so
configure:10177: checking how to hardcode library paths into programs
configure:10202: result: immediate
configure:10216: checking whether stripping libraries is possible
configure:10221: result: yes
configure:10344: checking for shl_load
configure:10400: /home/user1/miniconda3/envs/Env/bin/x86_64-conda_cos6-linux-gnu-cc -o conftest -march=nocona -mtune=haswell -ftree-vectorize -fPIC -fstack-protector-strong -fno-plt -O2 -pipe -DNDEBUG -D_FORTIFY_SOURCE=2 -O2 -Wl,-O2 -Wl,--sort-common -Wl,--as-needed -Wl,-z,relro -Wl,-z,now conftest.c  >&5
/tmp/ccn5kFBX.o: In function `main':
conftest.c:(.text.startup+0x8): undefined reference to `shl_load'
collect2: error: ld returned 1 exit status
configure:10406: $? = 1
configure: failed program was:
| /* confdefs.h.  */
| #define PACKAGE_NAME "Open Babel"
| #define PACKAGE_TARNAME "openbabel"
| #define PACKAGE_VERSION "2.1.1"
| #define PACKAGE_STRING "Open Babel 2.1.1"
| #define PACKAGE_BUGREPORT "openbabel-discuss@lists.sourceforge.net"
| #define BABEL_VERSION "2.1.1"
| #define BABEL_DATADIR "/usr/local/share/openbabel"
| #define STDC_HEADERS 1
| #define HAVE_SYS_TYPES_H 1
| #define HAVE_SYS_STAT_H 1
| #define HAVE_STDLIB_H 1
| #define HAVE_STRING_H 1
| #define HAVE_MEMORY_H 1
| #define HAVE_STRINGS_H 1
| #define HAVE_INTTYPES_H 1
| #define HAVE_STDINT_H 1
| #define HAVE_UNISTD_H 1
| #define HAVE_DLFCN_H 1
| /* end confdefs.h.  */
| /* Define shl_load to an innocuous variant, in case <limits.h> declares shl_load.
|    For example, HP-UX 11i <limits.h> declares gettimeofday.  */
| #define shl_load innocuous_shl_load
| 
| /* System header to define __stub macros and hopefully few prototypes,
|     which can conflict with char shl_load (); below.
|     Prefer <limits.h> to <assert.h> if __STDC__ is defined, since
|     <limits.h> exists even on freestanding compilers.  */
| 
| #ifdef __STDC__
| # include <limits.h>
| #else
| # include <assert.h>
| #endif
| 
| #undef shl_load
| 
| /* Override any GCC internal prototype to avoid an error.
|    Use char because int might match the return type of a GCC
|    builtin and then its argument prototype would still apply.  */
| #ifdef __cplusplus
| extern "C"
| #endif
| char shl_load ();
| /* The GNU C library defines this for functions which it implements
|     to always fail with ENOSYS.  Some functions are actually named
|     something starting with __ and the normal name is an alias.  */
| #if defined __stub_shl_load || defined __stub___shl_load
| choke me
| #endif
| 
| int
| main ()
| {
| return shl_load ();
|   ;
|   return 0;
| }
configure:10423: result: no
configure:10428: checking for shl_load in -ldld
configure:10463: /home/user1/miniconda3/envs/Env/bin/x86_64-conda_cos6-linux-gnu-cc -o conftest -march=nocona -mtune=haswell -ftree-vectorize -fPIC -fstack-protector-strong -fno-plt -O2 -pipe -DNDEBUG -D_FORTIFY_SOURCE=2 -O2 -Wl,-O2 -Wl,--sort-common -Wl,--as-needed -Wl,-z,relro -Wl,-z,now conftest.c -ldld   >&5
/home/user1/miniconda3/envs/Env/bin/../lib/gcc/x86_64-conda_cos6-linux-gnu/7.2.0/../../../../x86_64-conda_cos6-linux-gnu/bin/ld: cannot find -ldld
collect2: error: ld returned 1 exit status
configure:10469: $? = 1
configure: failed program was:
| /* confdefs.h.  */
| #define PACKAGE_NAME "Open Babel"
| #define PACKAGE_TARNAME "openbabel"
| #define PACKAGE_VERSION "2.1.1"
| #define PACKAGE_STRING "Open Babel 2.1.1"
| #define PACKAGE_BUGREPORT "openbabel-discuss@lists.sourceforge.net"
| #define BABEL_VERSION "2.1.1"
| #define BABEL_DATADIR "/usr/local/share/openbabel"
| #define STDC_HEADERS 1
| #define HAVE_SYS_TYPES_H 1
| #define HAVE_SYS_STAT_H 1
| #define HAVE_STDLIB_H 1
| #define HAVE_STRING_H 1
| #define HAVE_MEMORY_H 1
| #define HAVE_STRINGS_H 1
| #define HAVE_INTTYPES_H 1
| #define HAVE_STDINT_H 1
| #define HAVE_UNISTD_H 1
| #define HAVE_DLFCN_H 1
| /* end confdefs.h.  */
| 
| /* Override any GCC internal prototype to avoid an error.
|    Use char because int might match the return type of a GCC
|    builtin and then its argument prototype would still apply.  */
| #ifdef __cplusplus
| extern "C"
| #endif
| char shl_load ();
| int
| main ()
| {
| return shl_load ();
|   ;
|   return 0;
| }
configure:10487: result: no
configure:10492: checking for dlopen
configure:10548: /home/user1/miniconda3/envs/Env/bin/x86_64-conda_cos6-linux-gnu-cc -o conftest -march=nocona -mtune=haswell -ftree-vectorize -fPIC -fstack-protector-strong -fno-plt -O2 -pipe -DNDEBUG -D_FORTIFY_SOURCE=2 -O2 -Wl,-O2 -Wl,--sort-common -Wl,--as-needed -Wl,-z,relro -Wl,-z,now conftest.c  >&5
/tmp/ccRWQtA5.o: In function `main':
conftest.c:(.text.startup+0x8): undefined reference to `dlopen'
collect2: error: ld returned 1 exit status
configure:10554: $? = 1
configure: failed program was:
| /* confdefs.h.  */
| #define PACKAGE_NAME "Open Babel"
| #define PACKAGE_TARNAME "openbabel"
| #define PACKAGE_VERSION "2.1.1"
| #define PACKAGE_STRING "Open Babel 2.1.1"
| #define PACKAGE_BUGREPORT "openbabel-discuss@lists.sourceforge.net"
| #define BABEL_VERSION "2.1.1"
| #define BABEL_DATADIR "/usr/local/share/openbabel"
| #define STDC_HEADERS 1
| #define HAVE_SYS_TYPES_H 1
| #define HAVE_SYS_STAT_H 1
| #define HAVE_STDLIB_H 1
| #define HAVE_STRING_H 1
| #define HAVE_MEMORY_H 1
| #define HAVE_STRINGS_H 1
| #define HAVE_INTTYPES_H 1
| #define HAVE_STDINT_H 1
| #define HAVE_UNISTD_H 1
| #define HAVE_DLFCN_H 1
| /* end confdefs.h.  */
| /* Define dlopen to an innocuous variant, in case <limits.h> declares dlopen.
|    For example, HP-UX 11i <limits.h> declares gettimeofday.  */
| #define dlopen innocuous_dlopen
| 
| /* System header to define __stub macros and hopefully few prototypes,
|     which can conflict with char dlopen (); below.
|     Prefer <limits.h> to <assert.h> if __STDC__ is defined, since
|     <limits.h> exists even on freestanding compilers.  */
| 
| #ifdef __STDC__
| # include <limits.h>
| #else
| # include <assert.h>
| #endif
| 
| #undef dlopen
| 
| /* Override any GCC internal prototype to avoid an error.
|    Use char because int might match the return type of a GCC
|    builtin and then its argument prototype would still apply.  */
| #ifdef __cplusplus
| extern "C"
| #endif
| char dlopen ();
| /* The GNU C library defines this for functions which it implements
|     to always fail with ENOSYS.  Some functions are actually named
|     something starting with __ and the normal name is an alias.  */
| #if defined __stub_dlopen || defined __stub___dlopen
| choke me
| #endif
| 
| int
| main ()
| {
| return dlopen ();
|   ;
|   return 0;
| }
configure:10571: result: no
configure:10576: checking for dlopen in -ldl
configure:10611: /home/user1/miniconda3/envs/Env/bin/x86_64-conda_cos6-linux-gnu-cc -o conftest -march=nocona -mtune=haswell -ftree-vectorize -fPIC -fstack-protector-strong -fno-plt -O2 -pipe -DNDEBUG -D_FORTIFY_SOURCE=2 -O2 -Wl,-O2 -Wl,--sort-common -Wl,--as-needed -Wl,-z,relro -Wl,-z,now conftest.c -ldl   >&5
configure:10617: $? = 0
configure:10635: result: yes
configure:10804: checking whether a program can dlopen itself
configure:10878: /home/user1/miniconda3/envs/Env/bin/x86_64-conda_cos6-linux-gnu-cc -o conftest -march=nocona -mtune=haswell -ftree-vectorize -fPIC -fstack-protector-strong -fno-plt -O2 -pipe -DNDEBUG -D_FORTIFY_SOURCE=2 -O2 -DHAVE_DLFCN_H -Wl,-O2 -Wl,--sort-common -Wl,--as-needed -Wl,-z,relro -Wl,-z,now -Wl,--export-dynamic conftest.c -ldl  >&5
configure: In function 'main':
configure:10874:5: warning: implicit declaration of function 'exit' [-Wimplicit-function-declaration]
 
     ^   
configure:10874:5: warning: incompatible implicit declaration of built-in function 'exit'
configure:10874:5: note: include '<stdlib.h>' or provide a declaration of 'exit'
configure:10881: $? = 0
configure:10899: result: yes
configure:10904: checking whether a statically linked program can dlopen itself
configure:10978: /home/user1/miniconda3/envs/Env/bin/x86_64-conda_cos6-linux-gnu-cc -o conftest -march=nocona -mtune=haswell -ftree-vectorize -fPIC -fstack-protector-strong -fno-plt -O2 -pipe -DNDEBUG -D_FORTIFY_SOURCE=2 -O2 -DHAVE_DLFCN_H -Wl,-O2 -Wl,--sort-common -Wl,--as-needed -Wl,-z,relro -Wl,-z,now -Wl,--export-dynamic -static conftest.c -ldl  >&5
configure: In function 'main':
configure:10974:5: warning: implicit declaration of function 'exit' [-Wimplicit-function-declaration]
 
     ^   
configure:10974:5: warning: incompatible implicit declaration of built-in function 'exit'
configure:10974:5: note: include '<stdlib.h>' or provide a declaration of 'exit'
/tmp/cc9BqXCp.o: In function `main':
conftest.c:(.text.startup+0xa): warning: Using 'dlopen' in statically linked applications requires at runtime the shared libraries from the glibc version used for linking
/home/user1/miniconda3/envs/Env/bin/../lib/gcc/x86_64-conda_cos6-linux-gnu/7.2.0/../../../../x86_64-conda_cos6-linux-gnu/bin/ld: dynamic STT_GNU_IFUNC symbol `strcmp' with pointer equality in `/home/user1/miniconda3/envs/Env/bin/../x86_64-conda_cos6-linux-gnu/sysroot/usr/lib/../lib/libc.a(strcmp.o)' can not be used when making an executable; recompile with -fPIE and relink with -pie
collect2: error: ld returned 1 exit status
configure:10981: $? = 1
configure:10999: result: no
configure:11022: checking if libtool supports shared libraries
configure:11024: result: yes
configure:11027: checking whether to build shared libraries
configure:11048: result: yes
configure:11051: checking whether to build static libraries
configure:11055: result: yes
configure:11147: creating libtool
configure:11735: checking for ld used by /home/user1/miniconda3/envs/Env/bin/x86_64-conda_cos6-linux-gnu-c++
configure:11802: result: /home/user1/miniconda3/envs/Env/bin/x86_64-conda_cos6-linux-gnu-ld -m elf_x86_64
configure:11811: checking if the linker (/home/user1/miniconda3/envs/Env/bin/x86_64-conda_cos6-linux-gnu-ld -m elf_x86_64) is GNU ld
configure:11826: result: yes
configure:11877: checking whether the /home/user1/miniconda3/envs/Env/bin/x86_64-conda_cos6-linux-gnu-c++ linker (/home/user1/miniconda3/envs/Env/bin/x86_64-conda_cos6-linux-gnu-ld -m elf_x86_64) supports shared libraries
configure:12811: result: yes
configure:12829: /home/user1/miniconda3/envs/Env/bin/x86_64-conda_cos6-linux-gnu-c++ -c -fvisibility-inlines-hidden -std=c++17 -fmessage-length=0 -march=nocona -mtune=haswell -ftree-vectorize -fPIC -fstack-protector-strong -fno-plt -O2 -pipe -DNDEBUG -D_FORTIFY_SOURCE=2 -O2 conftest.cpp >&5
configure:12832: $? = 0
configure:12951: checking for /home/user1/miniconda3/envs/Env/bin/x86_64-conda_cos6-linux-gnu-c++ option to produce PIC
configure:13225: result: -fPIC
configure:13233: checking if /home/user1/miniconda3/envs/Env/bin/x86_64-conda_cos6-linux-gnu-c++ PIC flag -fPIC works
configure:13251: /home/user1/miniconda3/envs/Env/bin/x86_64-conda_cos6-linux-gnu-c++ -c -fvisibility-inlines-hidden -std=c++17 -fmessage-length=0 -march=nocona -mtune=haswell -ftree-vectorize -fPIC -fstack-protector-strong -fno-plt -O2 -pipe -DNDEBUG -D_FORTIFY_SOURCE=2 -O2 -fPIC -DPIC conftest.cpp >&5
configure:13255: $? = 0
configure:13268: result: yes
configure:13296: checking if /home/user1/miniconda3/envs/Env/bin/x86_64-conda_cos6-linux-gnu-c++ static flag -static works
configure:13324: result: yes
configure:13334: checking if /home/user1/miniconda3/envs/Env/bin/x86_64-conda_cos6-linux-gnu-c++ supports -c -o file.o
configure:13355: /home/user1/miniconda3/envs/Env/bin/x86_64-conda_cos6-linux-gnu-c++ -c -fvisibility-inlines-hidden -std=c++17 -fmessage-length=0 -march=nocona -mtune=haswell -ftree-vectorize -fPIC -fstack-protector-strong -fno-plt -O2 -pipe -DNDEBUG -D_FORTIFY_SOURCE=2 -O2 -o out/conftest2.o conftest.cpp >&5
configure:13359: $? = 0
configure:13381: result: yes
configure:13407: checking whether the /home/user1/miniconda3/envs/Env/bin/x86_64-conda_cos6-linux-gnu-c++ linker (/home/user1/miniconda3/envs/Env/bin/x86_64-conda_cos6-linux-gnu-ld -m elf_x86_64) supports shared libraries
configure:13432: result: yes
configure:13499: checking dynamic linker characteristics
configure:14087: result: GNU/Linux ld.so
configure:14096: checking how to hardcode library paths into programs
configure:14121: result: immediate
configure:14647: checking if libtool supports shared libraries
configure:14649: result: yes
configure:14652: checking whether to build shared libraries
configure:14672: result: yes
configure:14675: checking whether to build static libraries
configure:14679: result: yes
configure:14689: checking for /home/user1/miniconda3/envs/Env/bin/x86_64-conda_cos6-linux-gnu-gfortran option to produce PIC
configure:14899: result: -fPIC
configure:14907: checking if /home/user1/miniconda3/envs/Env/bin/x86_64-conda_cos6-linux-gnu-gfortran PIC flag -fPIC works
configure:14925: /home/user1/miniconda3/envs/Env/bin/x86_64-conda_cos6-linux-gnu-gfortran -c -fopenmp -march=nocona -mtune=haswell -ftree-vectorize -fPIC -fstack-protector-strong -fno-plt -O2 -pipe -fPIC conftest.f >&5
configure:14929: $? = 0
configure:14942: result: yes
configure:14970: checking if /home/user1/miniconda3/envs/Env/bin/x86_64-conda_cos6-linux-gnu-gfortran static flag -static works
configure:14998: result: no
configure:15008: checking if /home/user1/miniconda3/envs/Env/bin/x86_64-conda_cos6-linux-gnu-gfortran supports -c -o file.o
configure:15029: /home/user1/miniconda3/envs/Env/bin/x86_64-conda_cos6-linux-gnu-gfortran -c -fopenmp -march=nocona -mtune=haswell -ftree-vectorize -fPIC -fstack-protector-strong -fno-plt -O2 -pipe -o out/conftest2.o conftest.f >&5
configure:15033: $? = 0
configure:15055: result: yes
configure:15081: checking whether the /home/user1/miniconda3/envs/Env/bin/x86_64-conda_cos6-linux-gnu-gfortran linker (/home/user1/miniconda3/envs/Env/bin/x86_64-conda_cos6-linux-gnu-ld -m elf_x86_64) supports shared libraries
configure:16015: result: yes
configure:16082: checking dynamic linker characteristics
configure:16670: result: GNU/Linux ld.so
configure:16679: checking how to hardcode library paths into programs
configure:16704: result: immediate
configure:20306: checking whether byte ordering is bigendian
configure:20339: /home/user1/miniconda3/envs/Env/bin/x86_64-conda_cos6-linux-gnu-cc -c -march=nocona -mtune=haswell -ftree-vectorize -fPIC -fstack-protector-strong -fno-plt -O2 -pipe -DNDEBUG -D_FORTIFY_SOURCE=2 -O2 conftest.c >&5
configure:20345: $? = 0
configure:20377: /home/user1/miniconda3/envs/Env/bin/x86_64-conda_cos6-linux-gnu-cc -c -march=nocona -mtune=haswell -ftree-vectorize -fPIC -fstack-protector-strong -fno-plt -O2 -pipe -DNDEBUG -D_FORTIFY_SOURCE=2 -O2 conftest.c >&5
conftest.c: In function 'main':
conftest.c:29:2: error: unknown type name 'not'; did you mean 'ino_t'?
  not big endian
  ^~~
  ino_t
conftest.c:29:10: error: expected '=', ',', ';', 'asm' or '__attribute__' before 'endian'
  not big endian
          ^~~~~~
configure:20383: $? = 1
configure: failed program was:
| /* confdefs.h.  */
| #define PACKAGE_NAME "Open Babel"
| #define PACKAGE_TARNAME "openbabel"
| #define PACKAGE_VERSION "2.1.1"
| #define PACKAGE_STRING "Open Babel 2.1.1"
| #define PACKAGE_BUGREPORT "openbabel-discuss@lists.sourceforge.net"
| #define BABEL_VERSION "2.1.1"
| #define BABEL_DATADIR "/usr/local/share/openbabel"
| #define STDC_HEADERS 1
| #define HAVE_SYS_TYPES_H 1
| #define HAVE_SYS_STAT_H 1
| #define HAVE_STDLIB_H 1
| #define HAVE_STRING_H 1
| #define HAVE_MEMORY_H 1
| #define HAVE_STRINGS_H 1
| #define HAVE_INTTYPES_H 1
| #define HAVE_STDINT_H 1
| #define HAVE_UNISTD_H 1
| #define HAVE_DLFCN_H 1
| #define MODULE_EXTENSION ".so"
| /* end confdefs.h.  */
| #include <sys/types.h>
| #include <sys/param.h>
| 
| int
| main ()
| {
| #if BYTE_ORDER != BIG_ENDIAN
|  not big endian
| #endif
| 
|   ;
|   return 0;
| }
configure:20523: result: no
configure:20550: checking for asin in -lm
configure:20585: /home/user1/miniconda3/envs/Env/bin/x86_64-conda_cos6-linux-gnu-c++ -o conftest -fvisibility-inlines-hidden -std=c++17 -fmessage-length=0 -march=nocona -mtune=haswell -ftree-vectorize -fPIC -fstack-protector-strong -fno-plt -O2 -pipe -DNDEBUG -D_FORTIFY_SOURCE=2 -O2 -Wl,-O2 -Wl,--sort-common -Wl,--as-needed -Wl,-z,relro -Wl,-z,now conftest.cpp -lm   >&5
conftest.cpp:29:6: warning: declaration of 'char asin()' conflicts with built-in declaration 'double asin(double)' [-Wbuiltin-declaration-mismatch]
 char asin ();
      ^~~~
configure:20591: $? = 0
configure:20609: result: yes
configure:20622: checking for dlopen in -lc
configure:20657: /home/user1/miniconda3/envs/Env/bin/x86_64-conda_cos6-linux-gnu-c++ -o conftest -fvisibility-inlines-hidden -std=c++17 -fmessage-length=0 -march=nocona -mtune=haswell -ftree-vectorize -fPIC -fstack-protector-strong -fno-plt -O2 -pipe -DNDEBUG -D_FORTIFY_SOURCE=2 -O2 -Wl,-O2 -Wl,--sort-common -Wl,--as-needed -Wl,-z,relro -Wl,-z,now conftest.cpp -lc  -lm  >&5
/tmp/cc7HPqr5.o: In function `main':
conftest.cpp:(.text.startup+0x6): undefined reference to `dlopen'
collect2: error: ld returned 1 exit status
configure:20663: $? = 1
configure: failed program was:
| /* confdefs.h.  */
| #define PACKAGE_NAME "Open Babel"
| #define PACKAGE_TARNAME "openbabel"
| #define PACKAGE_VERSION "2.1.1"
| #define PACKAGE_STRING "Open Babel 2.1.1"
| #define PACKAGE_BUGREPORT "openbabel-discuss@lists.sourceforge.net"
| #define BABEL_VERSION "2.1.1"
| #define BABEL_DATADIR "/usr/local/share/openbabel"
| #define STDC_HEADERS 1
| #define HAVE_SYS_TYPES_H 1
| #define HAVE_SYS_STAT_H 1
| #define HAVE_STDLIB_H 1
| #define HAVE_STRING_H 1
| #define HAVE_MEMORY_H 1
| #define HAVE_STRINGS_H 1
| #define HAVE_INTTYPES_H 1
| #define HAVE_STDINT_H 1
| #define HAVE_UNISTD_H 1
| #define HAVE_DLFCN_H 1
| #define MODULE_EXTENSION ".so"
| #define HAVE_LIBM 1
| /* end confdefs.h.  */
| 
| /* Override any GCC internal prototype to avoid an error.
|    Use char because int might match the return type of a GCC
|    builtin and then its argument prototype would still apply.  */
| #ifdef __cplusplus
| extern "C"
| #endif
| char dlopen ();
| int
| main ()
| {
| return dlopen ();
|   ;
|   return 0;
| }
configure:20681: result: no
configure:20686: checking for dlopen in -ldl
configure:20745: result: yes
configure:20795: checking for xml2-config
configure:20813: found /home/user1/miniconda3/envs/Env/bin/xml2-config
configure:20826: result: /home/user1/miniconda3/envs/Env/bin/xml2-config
configure:20835: checking for libxml - version >= 2.6.5
configure:20947: /home/user1/miniconda3/envs/Env/bin/x86_64-conda_cos6-linux-gnu-c++ -o conftest -fvisibility-inlines-hidden -std=c++17 -fmessage-length=0 -march=nocona -mtune=haswell -ftree-vectorize -fPIC -fstack-protector-strong -fno-plt -O2 -pipe -DNDEBUG -D_FORTIFY_SOURCE=2 -O2 -I/home/user1/miniconda3/envs/Env/include/libxml2 -I/home/user1/miniconda3/envs/Env/include -Wl,-O2 -Wl,--sort-common -Wl,--as-needed -Wl,-z,relro -Wl,-z,now conftest.cpp -L/home/user1/miniconda3/envs/Env/lib -lxml2 -L/home/user1/miniconda3/envs/Env/lib -lz -L/home/user1/miniconda3/envs/Env/lib -llzma -L/home/user1/miniconda3/envs/Env/lib -L/home/user1/miniconda3/envs/Env/lib -licui18n -licuuc -licudata -lm -ldl -lm  >&5
conftest.cpp: In function 'int main()':
conftest.cpp:36:9: warning: ignoring return value of 'int system(const char*)', declared with attribute warn_unused_result [-Wunused-result]
   system("touch conf.xmltest");
   ~~~~~~^~~~~~~~~~~~~~~~~~~~~~
configure:20950: $? = 0
configure:20956: ./conftest
configure:20959: $? = 0
configure:20980: result: yes (version 2.9.8)
configure:21077: checking for GetINCHI in -linchi
configure:21112: /home/user1/miniconda3/envs/Env/bin/x86_64-conda_cos6-linux-gnu-c++ -o conftest -fvisibility-inlines-hidden -std=c++17 -fmessage-length=0 -march=nocona -mtune=haswell -ftree-vectorize -fPIC -fstack-protector-strong -fno-plt -O2 -pipe -DNDEBUG -D_FORTIFY_SOURCE=2 -O2 -Wl,-O2 -Wl,--sort-common -Wl,--as-needed -Wl,-z,relro -Wl,-z,now conftest.cpp -linchi  -lm  >&5
/home/user1/miniconda3/envs/Env/bin/../lib/gcc/x86_64-conda_cos6-linux-gnu/7.2.0/../../../../x86_64-conda_cos6-linux-gnu/bin/ld: cannot find -linchi
collect2: error: ld returned 1 exit status
configure:21118: $? = 1
configure: failed program was:
| /* confdefs.h.  */
| #define PACKAGE_NAME "Open Babel"
| #define PACKAGE_TARNAME "openbabel"
| #define PACKAGE_VERSION "2.1.1"
| #define PACKAGE_STRING "Open Babel 2.1.1"
| #define PACKAGE_BUGREPORT "openbabel-discuss@lists.sourceforge.net"
| #define BABEL_VERSION "2.1.1"
| #define BABEL_DATADIR "/usr/local/share/openbabel"
| #define STDC_HEADERS 1
| #define HAVE_SYS_TYPES_H 1
| #define HAVE_SYS_STAT_H 1
| #define HAVE_STDLIB_H 1
| #define HAVE_STRING_H 1
| #define HAVE_MEMORY_H 1
| #define HAVE_STRINGS_H 1
| #define HAVE_INTTYPES_H 1
| #define HAVE_STDINT_H 1
| #define HAVE_UNISTD_H 1
| #define HAVE_DLFCN_H 1
| #define MODULE_EXTENSION ".so"
| #define HAVE_LIBM 1
| /* end confdefs.h.  */
| 
| /* Override any GCC internal prototype to avoid an error.
|    Use char because int might match the return type of a GCC
|    builtin and then its argument prototype would still apply.  */
| #ifdef __cplusplus
| extern "C"
| #endif
| char GetINCHI ();
| int
| main ()
| {
| return GetINCHI ();
|   ;
|   return 0;
| }
configure:21136: result: no
configure:21156: checking if zlib is wanted
configure:21509: checking for inflateEnd in -lz
configure:21544: /home/user1/miniconda3/envs/Env/bin/x86_64-conda_cos6-linux-gnu-c++ -o conftest -fvisibility-inlines-hidden -std=c++17 -fmessage-length=0 -march=nocona -mtune=haswell -ftree-vectorize -fPIC -fstack-protector-strong -fno-plt -O2 -pipe -DNDEBUG -D_FORTIFY_SOURCE=2 -O2 -Wl,-O2 -Wl,--sort-common -Wl,--as-needed -Wl,-z,relro -Wl,-z,now conftest.cpp -lz  -lm  >&5
/home/user1/miniconda3/envs/Env/bin/../lib/gcc/x86_64-conda_cos6-linux-gnu/7.2.0/../../../../x86_64-conda_cos6-linux-gnu/bin/ld: cannot find -lz
collect2: error: ld returned 1 exit status
configure:21550: $? = 1
configure: failed program was:
| /* confdefs.h.  */
| #define PACKAGE_NAME "Open Babel"
| #define PACKAGE_TARNAME "openbabel"
| #define PACKAGE_VERSION "2.1.1"
| #define PACKAGE_STRING "Open Babel 2.1.1"
| #define PACKAGE_BUGREPORT "openbabel-discuss@lists.sourceforge.net"
| #define BABEL_VERSION "2.1.1"
| #define BABEL_DATADIR "/usr/local/share/openbabel"
| #define STDC_HEADERS 1
| #define HAVE_SYS_TYPES_H 1
| #define HAVE_SYS_STAT_H 1
| #define HAVE_STDLIB_H 1
| #define HAVE_STRING_H 1
| #define HAVE_MEMORY_H 1
| #define HAVE_STRINGS_H 1
| #define HAVE_INTTYPES_H 1
| #define HAVE_STDINT_H 1
| #define HAVE_UNISTD_H 1
| #define HAVE_DLFCN_H 1
| #define MODULE_EXTENSION ".so"
| #define HAVE_LIBM 1
| /* end confdefs.h.  */
| 
| /* Override any GCC internal prototype to avoid an error.
|    Use char because int might match the return type of a GCC
|    builtin and then its argument prototype would still apply.  */
| #ifdef __cplusplus
| extern "C"
| #endif
| char inflateEnd ();
| int
| main ()
| {
| return inflateEnd ();
|   ;
|   return 0;
| }
configure:21568: result: no
configure:21596: checking zlib.h usability
configure:21613: /home/user1/miniconda3/envs/Env/bin/x86_64-conda_cos6-linux-gnu-c++ -c -fvisibility-inlines-hidden -std=c++17 -fmessage-length=0 -march=nocona -mtune=haswell -ftree-vectorize -fPIC -fstack-protector-strong -fno-plt -O2 -pipe -DNDEBUG -D_FORTIFY_SOURCE=2 -O2 conftest.cpp >&5
conftest.cpp:56:10: fatal error: zlib.h: No such file or directory
 #include <zlib.h>
          ^~~~~~~~
compilation terminated.
configure:21619: $? = 1
configure: failed program was:
| /* confdefs.h.  */
| #define PACKAGE_NAME "Open Babel"
| #define PACKAGE_TARNAME "openbabel"
| #define PACKAGE_VERSION "2.1.1"
| #define PACKAGE_STRING "Open Babel 2.1.1"
| #define PACKAGE_BUGREPORT "openbabel-discuss@lists.sourceforge.net"
| #define BABEL_VERSION "2.1.1"
| #define BABEL_DATADIR "/usr/local/share/openbabel"
| #define STDC_HEADERS 1
| #define HAVE_SYS_TYPES_H 1
| #define HAVE_SYS_STAT_H 1
| #define HAVE_STDLIB_H 1
| #define HAVE_STRING_H 1
| #define HAVE_MEMORY_H 1
| #define HAVE_STRINGS_H 1
| #define HAVE_INTTYPES_H 1
| #define HAVE_STDINT_H 1
| #define HAVE_UNISTD_H 1
| #define HAVE_DLFCN_H 1
| #define MODULE_EXTENSION ".so"
| #define HAVE_LIBM 1
| /* end confdefs.h.  */
| #include <stdio.h>
| #ifdef HAVE_SYS_TYPES_H
| # include <sys/types.h>
| #endif
| #ifdef HAVE_SYS_STAT_H
| # include <sys/stat.h>
| #endif
| #ifdef STDC_HEADERS
| # include <stdlib.h>
| # include <stddef.h>
| #else
| # ifdef HAVE_STDLIB_H
| #  include <stdlib.h>
| # endif
| #endif
| #ifdef HAVE_STRING_H
| # if !defined STDC_HEADERS && defined HAVE_MEMORY_H
| #  include <memory.h>
| # endif
| # include <string.h>
| #endif
| #ifdef HAVE_STRINGS_H
| # include <strings.h>
| #endif
| #ifdef HAVE_INTTYPES_H
| # include <inttypes.h>
| #endif
| #ifdef HAVE_STDINT_H
| # include <stdint.h>
| #endif
| #ifdef HAVE_UNISTD_H
| # include <unistd.h>
| #endif
| #include <zlib.h>
configure:21633: result: no
configure:21637: checking zlib.h presence
configure:21652: /home/user1/miniconda3/envs/Env/bin/x86_64-conda_cos6-linux-gnu-c++ -E -DNDEBUG -D_FORTIFY_SOURCE=2 -O2 conftest.cpp
conftest.cpp:23:10: fatal error: zlib.h: No such file or directory
 #include <zlib.h>
          ^~~~~~~~
compilation terminated.
configure:21658: $? = 1
configure: failed program was:
| /* confdefs.h.  */
| #define PACKAGE_NAME "Open Babel"
| #define PACKAGE_TARNAME "openbabel"
| #define PACKAGE_VERSION "2.1.1"
| #define PACKAGE_STRING "Open Babel 2.1.1"
| #define PACKAGE_BUGREPORT "openbabel-discuss@lists.sourceforge.net"
| #define BABEL_VERSION "2.1.1"
| #define BABEL_DATADIR "/usr/local/share/openbabel"
| #define STDC_HEADERS 1
| #define HAVE_SYS_TYPES_H 1
| #define HAVE_SYS_STAT_H 1
| #define HAVE_STDLIB_H 1
| #define HAVE_STRING_H 1
| #define HAVE_MEMORY_H 1
| #define HAVE_STRINGS_H 1
| #define HAVE_INTTYPES_H 1
| #define HAVE_STDINT_H 1
| #define HAVE_UNISTD_H 1
| #define HAVE_DLFCN_H 1
| #define MODULE_EXTENSION ".so"
| #define HAVE_LIBM 1
| /* end confdefs.h.  */
| #include <zlib.h>
configure:21672: result: no
configure:21705: checking for zlib.h
configure:21713: result: no
configure:21596: checking iconv.h usability
configure:21613: /home/user1/miniconda3/envs/Env/bin/x86_64-conda_cos6-linux-gnu-c++ -c -fvisibility-inlines-hidden -std=c++17 -fmessage-length=0 -march=nocona -mtune=haswell -ftree-vectorize -fPIC -fstack-protector-strong -fno-plt -O2 -pipe -DNDEBUG -D_FORTIFY_SOURCE=2 -O2 conftest.cpp >&5
configure:21619: $? = 0
configure:21633: result: yes
configure:21637: checking iconv.h presence
configure:21652: /home/user1/miniconda3/envs/Env/bin/x86_64-conda_cos6-linux-gnu-c++ -E -DNDEBUG -D_FORTIFY_SOURCE=2 -O2 conftest.cpp
configure:21658: $? = 0
configure:21672: result: yes
configure:21705: checking for iconv.h
configure:21713: result: yes
configure:21755: checking sys/time.h usability
configure:21772: /home/user1/miniconda3/envs/Env/bin/x86_64-conda_cos6-linux-gnu-c++ -c -fvisibility-inlines-hidden -std=c++17 -fmessage-length=0 -march=nocona -mtune=haswell -ftree-vectorize -fPIC -fstack-protector-strong -fno-plt -O2 -pipe -DNDEBUG -D_FORTIFY_SOURCE=2 -O2 conftest.cpp >&5
configure:21778: $? = 0
configure:21792: result: yes
configure:21796: checking sys/time.h presence
configure:21811: /home/user1/miniconda3/envs/Env/bin/x86_64-conda_cos6-linux-gnu-c++ -E -DNDEBUG -D_FORTIFY_SOURCE=2 -O2 conftest.cpp
configure:21817: $? = 0
configure:21831: result: yes
configure:21864: checking for sys/time.h
configure:21872: result: yes
configure:21745: checking for unistd.h
configure:21751: result: yes
configure:21745: checking for stdlib.h
configure:21751: result: yes
configure:21755: checking stdio.h usability
configure:21772: /home/user1/miniconda3/envs/Env/bin/x86_64-conda_cos6-linux-gnu-c++ -c -fvisibility-inlines-hidden -std=c++17 -fmessage-length=0 -march=nocona -mtune=haswell -ftree-vectorize -fPIC -fstack-protector-strong -fno-plt -O2 -pipe -DNDEBUG -D_FORTIFY_SOURCE=2 -O2 conftest.cpp >&5
configure:21778: $? = 0
configure:21792: result: yes
configure:21796: checking stdio.h presence
configure:21811: /home/user1/miniconda3/envs/Env/bin/x86_64-conda_cos6-linux-gnu-c++ -E -DNDEBUG -D_FORTIFY_SOURCE=2 -O2 conftest.cpp
configure:21817: $? = 0
configure:21831: result: yes
configure:21864: checking for stdio.h
configure:21872: result: yes
configure:21755: checking conio.h usability
configure:21772: /home/user1/miniconda3/envs/Env/bin/x86_64-conda_cos6-linux-gnu-c++ -c -fvisibility-inlines-hidden -std=c++17 -fmessage-length=0 -march=nocona -mtune=haswell -ftree-vectorize -fPIC -fstack-protector-strong -fno-plt -O2 -pipe -DNDEBUG -D_FORTIFY_SOURCE=2 -O2 conftest.cpp >&5
conftest.cpp:61:10: fatal error: conio.h: No such file or directory
 #include <conio.h>
          ^~~~~~~~~
compilation terminated.
configure:21778: $? = 1
configure: failed program was:
| /* confdefs.h.  */
| #define PACKAGE_NAME "Open Babel"
| #define PACKAGE_TARNAME "openbabel"
| #define PACKAGE_VERSION "2.1.1"
| #define PACKAGE_STRING "Open Babel 2.1.1"
| #define PACKAGE_BUGREPORT "openbabel-discuss@lists.sourceforge.net"
| #define BABEL_VERSION "2.1.1"
| #define BABEL_DATADIR "/usr/local/share/openbabel"
| #define STDC_HEADERS 1
| #define HAVE_SYS_TYPES_H 1
| #define HAVE_SYS_STAT_H 1
| #define HAVE_STDLIB_H 1
| #define HAVE_STRING_H 1
| #define HAVE_MEMORY_H 1
| #define HAVE_STRINGS_H 1
| #define HAVE_INTTYPES_H 1
| #define HAVE_STDINT_H 1
| #define HAVE_UNISTD_H 1
| #define HAVE_DLFCN_H 1
| #define MODULE_EXTENSION ".so"
| #define HAVE_LIBM 1
| #define HAVE_ICONV_H 1
| #define HAVE_SYS_TIME_H 1
| #define HAVE_UNISTD_H 1
| #define HAVE_STDLIB_H 1
| #define HAVE_STDIO_H 1
| /* end confdefs.h.  */
| #include <stdio.h>
| #ifdef HAVE_SYS_TYPES_H
| # include <sys/types.h>
| #endif
| #ifdef HAVE_SYS_STAT_H
| # include <sys/stat.h>
| #endif
| #ifdef STDC_HEADERS
| # include <stdlib.h>
| # include <stddef.h>
| #else
| # ifdef HAVE_STDLIB_H
| #  include <stdlib.h>
| # endif
| #endif
| #ifdef HAVE_STRING_H
| # if !defined STDC_HEADERS && defined HAVE_MEMORY_H
| #  include <memory.h>
| # endif
| # include <string.h>
| #endif
| #ifdef HAVE_STRINGS_H
| # include <strings.h>
| #endif
| #ifdef HAVE_INTTYPES_H
| # include <inttypes.h>
| #endif
| #ifdef HAVE_STDINT_H
| # include <stdint.h>
| #endif
| #ifdef HAVE_UNISTD_H
| # include <unistd.h>
| #endif
| #include <conio.h>
configure:21792: result: no
configure:21796: checking conio.h presence
configure:21811: /home/user1/miniconda3/envs/Env/bin/x86_64-conda_cos6-linux-gnu-c++ -E -DNDEBUG -D_FORTIFY_SOURCE=2 -O2 conftest.cpp
conftest.cpp:28:10: fatal error: conio.h: No such file or directory
 #include <conio.h>
          ^~~~~~~~~
compilation terminated.
configure:21817: $? = 1
configure: failed program was:
| /* confdefs.h.  */
| #define PACKAGE_NAME "Open Babel"
| #define PACKAGE_TARNAME "openbabel"
| #define PACKAGE_VERSION "2.1.1"
| #define PACKAGE_STRING "Open Babel 2.1.1"
| #define PACKAGE_BUGREPORT "openbabel-discuss@lists.sourceforge.net"
| #define BABEL_VERSION "2.1.1"
| #define BABEL_DATADIR "/usr/local/share/openbabel"
| #define STDC_HEADERS 1
| #define HAVE_SYS_TYPES_H 1
| #define HAVE_SYS_STAT_H 1
| #define HAVE_STDLIB_H 1
| #define HAVE_STRING_H 1
| #define HAVE_MEMORY_H 1
| #define HAVE_STRINGS_H 1
| #define HAVE_INTTYPES_H 1
| #define HAVE_STDINT_H 1
| #define HAVE_UNISTD_H 1
| #define HAVE_DLFCN_H 1
| #define MODULE_EXTENSION ".so"
| #define HAVE_LIBM 1
| #define HAVE_ICONV_H 1
| #define HAVE_SYS_TIME_H 1
| #define HAVE_UNISTD_H 1
| #define HAVE_STDLIB_H 1
| #define HAVE_STDIO_H 1
| /* end confdefs.h.  */
| #include <conio.h>
configure:21831: result: no
configure:21864: checking for conio.h
configure:21872: result: no
configure:21745: checking for string.h
configure:21751: result: yes
configure:21904: checking strstream.h usability
configure:21921: /home/user1/miniconda3/envs/Env/bin/x86_64-conda_cos6-linux-gnu-c++ -c -fvisibility-inlines-hidden -std=c++17 -fmessage-length=0 -march=nocona -mtune=haswell -ftree-vectorize -fPIC -fstack-protector-strong -fno-plt -O2 -pipe -DNDEBUG -D_FORTIFY_SOURCE=2 -O2 conftest.cpp >&5
conftest.cpp:62:10: fatal error: strstream.h: No such file or directory
 #include <strstream.h>
          ^~~~~~~~~~~~~
compilation terminated.
configure:21927: $? = 1
configure: failed program was:
| /* confdefs.h.  */
| #define PACKAGE_NAME "Open Babel"
| #define PACKAGE_TARNAME "openbabel"
| #define PACKAGE_VERSION "2.1.1"
| #define PACKAGE_STRING "Open Babel 2.1.1"
| #define PACKAGE_BUGREPORT "openbabel-discuss@lists.sourceforge.net"
| #define BABEL_VERSION "2.1.1"
| #define BABEL_DATADIR "/usr/local/share/openbabel"
| #define STDC_HEADERS 1
| #define HAVE_SYS_TYPES_H 1
| #define HAVE_SYS_STAT_H 1
| #define HAVE_STDLIB_H 1
| #define HAVE_STRING_H 1
| #define HAVE_MEMORY_H 1
| #define HAVE_STRINGS_H 1
| #define HAVE_INTTYPES_H 1
| #define HAVE_STDINT_H 1
| #define HAVE_UNISTD_H 1
| #define HAVE_DLFCN_H 1
| #define MODULE_EXTENSION ".so"
| #define HAVE_LIBM 1
| #define HAVE_ICONV_H 1
| #define HAVE_SYS_TIME_H 1
| #define HAVE_UNISTD_H 1
| #define HAVE_STDLIB_H 1
| #define HAVE_STDIO_H 1
| #define HAVE_STRING_H 1
| /* end confdefs.h.  */
| #include <stdio.h>
| #ifdef HAVE_SYS_TYPES_H
| # include <sys/types.h>
| #endif
| #ifdef HAVE_SYS_STAT_H
| # include <sys/stat.h>
| #endif
| #ifdef STDC_HEADERS
| # include <stdlib.h>
| # include <stddef.h>
| #else
| # ifdef HAVE_STDLIB_H
| #  include <stdlib.h>
| # endif
| #endif
| #ifdef HAVE_STRING_H
| # if !defined STDC_HEADERS && defined HAVE_MEMORY_H
| #  include <memory.h>
| # endif
| # include <string.h>
| #endif
| #ifdef HAVE_STRINGS_H
| # include <strings.h>
| #endif
| #ifdef HAVE_INTTYPES_H
| # include <inttypes.h>
| #endif
| #ifdef HAVE_STDINT_H
| # include <stdint.h>
| #endif
| #ifdef HAVE_UNISTD_H
| # include <unistd.h>
| #endif
| #include <strstream.h>
configure:21941: result: no
configure:21945: checking strstream.h presence
configure:21960: /home/user1/miniconda3/envs/Env/bin/x86_64-conda_cos6-linux-gnu-c++ -E -DNDEBUG -D_FORTIFY_SOURCE=2 -O2 conftest.cpp
conftest.cpp:29:10: fatal error: strstream.h: No such file or directory
 #include <strstream.h>
          ^~~~~~~~~~~~~
compilation terminated.
configure:21966: $? = 1
configure: failed program was:
| /* confdefs.h.  */
| #define PACKAGE_NAME "Open Babel"
| #define PACKAGE_TARNAME "openbabel"
| #define PACKAGE_VERSION "2.1.1"
| #define PACKAGE_STRING "Open Babel 2.1.1"
| #define PACKAGE_BUGREPORT "openbabel-discuss@lists.sourceforge.net"
| #define BABEL_VERSION "2.1.1"
| #define BABEL_DATADIR "/usr/local/share/openbabel"
| #define STDC_HEADERS 1
| #define HAVE_SYS_TYPES_H 1
| #define HAVE_SYS_STAT_H 1
| #define HAVE_STDLIB_H 1
| #define HAVE_STRING_H 1
| #define HAVE_MEMORY_H 1
| #define HAVE_STRINGS_H 1
| #define HAVE_INTTYPES_H 1
| #define HAVE_STDINT_H 1
| #define HAVE_UNISTD_H 1
| #define HAVE_DLFCN_H 1
| #define MODULE_EXTENSION ".so"
| #define HAVE_LIBM 1
| #define HAVE_ICONV_H 1
| #define HAVE_SYS_TIME_H 1
| #define HAVE_UNISTD_H 1
| #define HAVE_STDLIB_H 1
| #define HAVE_STDIO_H 1
| #define HAVE_STRING_H 1
| /* end confdefs.h.  */
| #include <strstream.h>
configure:21980: result: no
configure:22013: checking for strstream.h
configure:22021: result: no
configure:21904: checking iostream.h usability
configure:21921: /home/user1/miniconda3/envs/Env/bin/x86_64-conda_cos6-linux-gnu-c++ -c -fvisibility-inlines-hidden -std=c++17 -fmessage-length=0 -march=nocona -mtune=haswell -ftree-vectorize -fPIC -fstack-protector-strong -fno-plt -O2 -pipe -DNDEBUG -D_FORTIFY_SOURCE=2 -O2 conftest.cpp >&5
conftest.cpp:62:10: fatal error: iostream.h: No such file or directory
 #include <iostream.h>
          ^~~~~~~~~~~~
compilation terminated.
configure:21927: $? = 1
configure: failed program was:
| /* confdefs.h.  */
| #define PACKAGE_NAME "Open Babel"
| #define PACKAGE_TARNAME "openbabel"
| #define PACKAGE_VERSION "2.1.1"
| #define PACKAGE_STRING "Open Babel 2.1.1"
| #define PACKAGE_BUGREPORT "openbabel-discuss@lists.sourceforge.net"
| #define BABEL_VERSION "2.1.1"
| #define BABEL_DATADIR "/usr/local/share/openbabel"
| #define STDC_HEADERS 1
| #define HAVE_SYS_TYPES_H 1
| #define HAVE_SYS_STAT_H 1
| #define HAVE_STDLIB_H 1
| #define HAVE_STRING_H 1
| #define HAVE_MEMORY_H 1
| #define HAVE_STRINGS_H 1
| #define HAVE_INTTYPES_H 1
| #define HAVE_STDINT_H 1
| #define HAVE_UNISTD_H 1
| #define HAVE_DLFCN_H 1
| #define MODULE_EXTENSION ".so"
| #define HAVE_LIBM 1
| #define HAVE_ICONV_H 1
| #define HAVE_SYS_TIME_H 1
| #define HAVE_UNISTD_H 1
| #define HAVE_STDLIB_H 1
| #define HAVE_STDIO_H 1
| #define HAVE_STRING_H 1
| /* end confdefs.h.  */
| #include <stdio.h>
| #ifdef HAVE_SYS_TYPES_H
| # include <sys/types.h>
| #endif
| #ifdef HAVE_SYS_STAT_H
| # include <sys/stat.h>
| #endif
| #ifdef STDC_HEADERS
| # include <stdlib.h>
| # include <stddef.h>
| #else
| # ifdef HAVE_STDLIB_H
| #  include <stdlib.h>
| # endif
| #endif
| #ifdef HAVE_STRING_H
| # if !defined STDC_HEADERS && defined HAVE_MEMORY_H
| #  include <memory.h>
| # endif
| # include <string.h>
| #endif
| #ifdef HAVE_STRINGS_H
| # include <strings.h>
| #endif
| #ifdef HAVE_INTTYPES_H
| # include <inttypes.h>
| #endif
| #ifdef HAVE_STDINT_H
| # include <stdint.h>
| #endif
| #ifdef HAVE_UNISTD_H
| # include <unistd.h>
| #endif
| #include <iostream.h>
configure:21941: result: no
configure:21945: checking iostream.h presence
configure:21960: /home/user1/miniconda3/envs/Env/bin/x86_64-conda_cos6-linux-gnu-c++ -E -DNDEBUG -D_FORTIFY_SOURCE=2 -O2 conftest.cpp
conftest.cpp:29:10: fatal error: iostream.h: No such file or directory
 #include <iostream.h>
          ^~~~~~~~~~~~
compilation terminated.
configure:21966: $? = 1
configure: failed program was:
| /* confdefs.h.  */
| #define PACKAGE_NAME "Open Babel"
| #define PACKAGE_TARNAME "openbabel"
| #define PACKAGE_VERSION "2.1.1"
| #define PACKAGE_STRING "Open Babel 2.1.1"
| #define PACKAGE_BUGREPORT "openbabel-discuss@lists.sourceforge.net"
| #define BABEL_VERSION "2.1.1"
| #define BABEL_DATADIR "/usr/local/share/openbabel"
| #define STDC_HEADERS 1
| #define HAVE_SYS_TYPES_H 1
| #define HAVE_SYS_STAT_H 1
| #define HAVE_STDLIB_H 1
| #define HAVE_STRING_H 1
| #define HAVE_MEMORY_H 1
| #define HAVE_STRINGS_H 1
| #define HAVE_INTTYPES_H 1
| #define HAVE_STDINT_H 1
| #define HAVE_UNISTD_H 1
| #define HAVE_DLFCN_H 1
| #define MODULE_EXTENSION ".so"
| #define HAVE_LIBM 1
| #define HAVE_ICONV_H 1
| #define HAVE_SYS_TIME_H 1
| #define HAVE_UNISTD_H 1
| #define HAVE_STDLIB_H 1
| #define HAVE_STDIO_H 1
| #define HAVE_STRING_H 1
| /* end confdefs.h.  */
| #include <iostream.h>
configure:21980: result: no
configure:22013: checking for iostream.h
configure:22021: result: no
configure:21904: checking fstream.h usability
configure:21921: /home/user1/miniconda3/envs/Env/bin/x86_64-conda_cos6-linux-gnu-c++ -c -fvisibility-inlines-hidden -std=c++17 -fmessage-length=0 -march=nocona -mtune=haswell -ftree-vectorize -fPIC -fstack-protector-strong -fno-plt -O2 -pipe -DNDEBUG -D_FORTIFY_SOURCE=2 -O2 conftest.cpp >&5
conftest.cpp:62:10: fatal error: fstream.h: No such file or directory
 #include <fstream.h>
          ^~~~~~~~~~~
compilation terminated.
configure:21927: $? = 1
configure: failed program was:
| /* confdefs.h.  */
| #define PACKAGE_NAME "Open Babel"
| #define PACKAGE_TARNAME "openbabel"
| #define PACKAGE_VERSION "2.1.1"
| #define PACKAGE_STRING "Open Babel 2.1.1"
| #define PACKAGE_BUGREPORT "openbabel-discuss@lists.sourceforge.net"
| #define BABEL_VERSION "2.1.1"
| #define BABEL_DATADIR "/usr/local/share/openbabel"
| #define STDC_HEADERS 1
| #define HAVE_SYS_TYPES_H 1
| #define HAVE_SYS_STAT_H 1
| #define HAVE_STDLIB_H 1
| #define HAVE_STRING_H 1
| #define HAVE_MEMORY_H 1
| #define HAVE_STRINGS_H 1
| #define HAVE_INTTYPES_H 1
| #define HAVE_STDINT_H 1
| #define HAVE_UNISTD_H 1
| #define HAVE_DLFCN_H 1
| #define MODULE_EXTENSION ".so"
| #define HAVE_LIBM 1
| #define HAVE_ICONV_H 1
| #define HAVE_SYS_TIME_H 1
| #define HAVE_UNISTD_H 1
| #define HAVE_STDLIB_H 1
| #define HAVE_STDIO_H 1
| #define HAVE_STRING_H 1
| /* end confdefs.h.  */
| #include <stdio.h>
| #ifdef HAVE_SYS_TYPES_H
| # include <sys/types.h>
| #endif
| #ifdef HAVE_SYS_STAT_H
| # include <sys/stat.h>
| #endif
| #ifdef STDC_HEADERS
| # include <stdlib.h>
| # include <stddef.h>
| #else
| # ifdef HAVE_STDLIB_H
| #  include <stdlib.h>
| # endif
| #endif
| #ifdef HAVE_STRING_H
| # if !defined STDC_HEADERS && defined HAVE_MEMORY_H
| #  include <memory.h>
| # endif
| # include <string.h>
| #endif
| #ifdef HAVE_STRINGS_H
| # include <strings.h>
| #endif
| #ifdef HAVE_INTTYPES_H
| # include <inttypes.h>
| #endif
| #ifdef HAVE_STDINT_H
| # include <stdint.h>
| #endif
| #ifdef HAVE_UNISTD_H
| # include <unistd.h>
| #endif
| #include <fstream.h>
configure:21941: result: no
configure:21945: checking fstream.h presence
configure:21960: /home/user1/miniconda3/envs/Env/bin/x86_64-conda_cos6-linux-gnu-c++ -E -DNDEBUG -D_FORTIFY_SOURCE=2 -O2 conftest.cpp
conftest.cpp:29:10: fatal error: fstream.h: No such file or directory
 #include <fstream.h>
          ^~~~~~~~~~~
compilation terminated.
configure:21966: $? = 1
configure: failed program was:
| /* confdefs.h.  */
| #define PACKAGE_NAME "Open Babel"
| #define PACKAGE_TARNAME "openbabel"
| #define PACKAGE_VERSION "2.1.1"
| #define PACKAGE_STRING "Open Babel 2.1.1"
| #define PACKAGE_BUGREPORT "openbabel-discuss@lists.sourceforge.net"
| #define BABEL_VERSION "2.1.1"
| #define BABEL_DATADIR "/usr/local/share/openbabel"
| #define STDC_HEADERS 1
| #define HAVE_SYS_TYPES_H 1
| #define HAVE_SYS_STAT_H 1
| #define HAVE_STDLIB_H 1
| #define HAVE_STRING_H 1
| #define HAVE_MEMORY_H 1
| #define HAVE_STRINGS_H 1
| #define HAVE_INTTYPES_H 1
| #define HAVE_STDINT_H 1
| #define HAVE_UNISTD_H 1
| #define HAVE_DLFCN_H 1
| #define MODULE_EXTENSION ".so"
| #define HAVE_LIBM 1
| #define HAVE_ICONV_H 1
| #define HAVE_SYS_TIME_H 1
| #define HAVE_UNISTD_H 1
| #define HAVE_STDLIB_H 1
| #define HAVE_STDIO_H 1
| #define HAVE_STRING_H 1
| /* end confdefs.h.  */
| #include <fstream.h>
configure:21980: result: no
configure:22013: checking for fstream.h
configure:22021: result: no
configure:21904: checking math.h usability
configure:21921: /home/user1/miniconda3/envs/Env/bin/x86_64-conda_cos6-linux-gnu-c++ -c -fvisibility-inlines-hidden -std=c++17 -fmessage-length=0 -march=nocona -mtune=haswell -ftree-vectorize -fPIC -fstack-protector-strong -fno-plt -O2 -pipe -DNDEBUG -D_FORTIFY_SOURCE=2 -O2 conftest.cpp >&5
configure:21927: $? = 0
configure:21941: result: yes
configure:21945: checking math.h presence
configure:21960: /home/user1/miniconda3/envs/Env/bin/x86_64-conda_cos6-linux-gnu-c++ -E -DNDEBUG -D_FORTIFY_SOURCE=2 -O2 conftest.cpp
configure:21966: $? = 0
configure:21980: result: yes
configure:22013: checking for math.h
configure:22021: result: yes
configure:21904: checking time.h usability
configure:21921: /home/user1/miniconda3/envs/Env/bin/x86_64-conda_cos6-linux-gnu-c++ -c -fvisibility-inlines-hidden -std=c++17 -fmessage-length=0 -march=nocona -mtune=haswell -ftree-vectorize -fPIC -fstack-protector-strong -fno-plt -O2 -pipe -DNDEBUG -D_FORTIFY_SOURCE=2 -O2 conftest.cpp >&5
configure:21927: $? = 0
configure:21941: result: yes
configure:21945: checking time.h presence
configure:21960: /home/user1/miniconda3/envs/Env/bin/x86_64-conda_cos6-linux-gnu-c++ -E -DNDEBUG -D_FORTIFY_SOURCE=2 -O2 conftest.cpp
configure:21966: $? = 0
configure:21980: result: yes
configure:22013: checking for time.h
configure:22021: result: yes
configure:22053: checking ctype.h usability
configure:22070: /home/user1/miniconda3/envs/Env/bin/x86_64-conda_cos6-linux-gnu-c++ -c -fvisibility-inlines-hidden -std=c++17 -fmessage-length=0 -march=nocona -mtune=haswell -ftree-vectorize -fPIC -fstack-protector-strong -fno-plt -O2 -pipe -DNDEBUG -D_FORTIFY_SOURCE=2 -O2 conftest.cpp >&5
configure:22076: $? = 0
configure:22090: result: yes
configure:22094: checking ctype.h presence
configure:22109: /home/user1/miniconda3/envs/Env/bin/x86_64-conda_cos6-linux-gnu-c++ -E -DNDEBUG -D_FORTIFY_SOURCE=2 -O2 conftest.cpp
configure:22115: $? = 0
configure:22129: result: yes
configure:22162: checking for ctype.h
configure:22170: result: yes
configure:22053: checking iostream usability
configure:22070: /home/user1/miniconda3/envs/Env/bin/x86_64-conda_cos6-linux-gnu-c++ -c -fvisibility-inlines-hidden -std=c++17 -fmessage-length=0 -march=nocona -mtune=haswell -ftree-vectorize -fPIC -fstack-protector-strong -fno-plt -O2 -pipe -DNDEBUG -D_FORTIFY_SOURCE=2 -O2 conftest.cpp >&5
configure:22076: $? = 0
configure:22090: result: yes
configure:22094: checking iostream presence
configure:22109: /home/user1/miniconda3/envs/Env/bin/x86_64-conda_cos6-linux-gnu-c++ -E -DNDEBUG -D_FORTIFY_SOURCE=2 -O2 conftest.cpp
configure:22115: $? = 0
configure:22129: result: yes
configure:22162: checking for iostream
configure:22170: result: yes
configure:22053: checking fstream usability
configure:22070: /home/user1/miniconda3/envs/Env/bin/x86_64-conda_cos6-linux-gnu-c++ -c -fvisibility-inlines-hidden -std=c++17 -fmessage-length=0 -march=nocona -mtune=haswell -ftree-vectorize -fPIC -fstack-protector-strong -fno-plt -O2 -pipe -DNDEBUG -D_FORTIFY_SOURCE=2 -O2 conftest.cpp >&5
configure:22076: $? = 0
configure:22090: result: yes
configure:22094: checking fstream presence
configure:22109: /home/user1/miniconda3/envs/Env/bin/x86_64-conda_cos6-linux-gnu-c++ -E -DNDEBUG -D_FORTIFY_SOURCE=2 -O2 conftest.cpp
configure:22115: $? = 0
configure:22129: result: yes
configure:22162: checking for fstream
configure:22170: result: yes
configure:22053: checking sstream usability
configure:22070: /home/user1/miniconda3/envs/Env/bin/x86_64-conda_cos6-linux-gnu-c++ -c -fvisibility-inlines-hidden -std=c++17 -fmessage-length=0 -march=nocona -mtune=haswell -ftree-vectorize -fPIC -fstack-protector-strong -fno-plt -O2 -pipe -DNDEBUG -D_FORTIFY_SOURCE=2 -O2 conftest.cpp >&5
configure:22076: $? = 0
configure:22090: result: yes
configure:22094: checking sstream presence
configure:22109: /home/user1/miniconda3/envs/Env/bin/x86_64-conda_cos6-linux-gnu-c++ -E -DNDEBUG -D_FORTIFY_SOURCE=2 -O2 conftest.cpp
configure:22115: $? = 0
configure:22129: result: yes
configure:22162: checking for sstream
configure:22170: result: yes
configure:22053: checking strstream usability
configure:22070: /home/user1/miniconda3/envs/Env/bin/x86_64-conda_cos6-linux-gnu-c++ -c -fvisibility-inlines-hidden -std=c++17 -fmessage-length=0 -march=nocona -mtune=haswell -ftree-vectorize -fPIC -fstack-protector-strong -fno-plt -O2 -pipe -DNDEBUG -D_FORTIFY_SOURCE=2 -O2 conftest.cpp >&5
In file included from /home/user1/miniconda3/envs/Env/x86_64-conda_cos6-linux-gnu/include/c++/7.2.0/backward/strstream:50:0,
                 from conftest.cpp:68:
/home/user1/miniconda3/envs/Env/x86_64-conda_cos6-linux-gnu/include/c++/7.2.0/backward/backward_warning.h:32:2: warning: #warning This file includes at least one deprecated or antiquated header which may be removed without further notice at a future date. Please use a non-deprecated interface with equivalent functionality instead. For a listing of replacement headers and interfaces, consult the file backward_warning.h. To disable this warning use -Wno-deprecated. [-Wcpp]
 #warning \
  ^~~~~~~
configure:22076: $? = 0
configure:22090: result: yes
configure:22094: checking strstream presence
configure:22109: /home/user1/miniconda3/envs/Env/bin/x86_64-conda_cos6-linux-gnu-c++ -E -DNDEBUG -D_FORTIFY_SOURCE=2 -O2 conftest.cpp
In file included from /home/user1/miniconda3/envs/Env/x86_64-conda_cos6-linux-gnu/include/c++/7.2.0/backward/strstream:50:0,
                 from conftest.cpp:35:
/home/user1/miniconda3/envs/Env/x86_64-conda_cos6-linux-gnu/include/c++/7.2.0/backward/backward_warning.h:32:2: warning: #warning This file includes at least one deprecated or antiquated header which may be removed without further notice at a future date. Please use a non-deprecated interface with equivalent functionality instead. For a listing of replacement headers and interfaces, consult the file backward_warning.h. To disable this warning use -Wno-deprecated. [-Wcpp]
 #warning \
  ^~~~~~~
configure:22115: $? = 0
configure:22129: result: yes
configure:22162: checking for strstream
configure:22170: result: yes
configure:22183: checking whether time.h and sys/time.h may both be included
configure:22213: /home/user1/miniconda3/envs/Env/bin/x86_64-conda_cos6-linux-gnu-c++ -c -fvisibility-inlines-hidden -std=c++17 -fmessage-length=0 -march=nocona -mtune=haswell -ftree-vectorize -fPIC -fstack-protector-strong -fno-plt -O2 -pipe -DNDEBUG -D_FORTIFY_SOURCE=2 -O2 conftest.cpp >&5
configure:22219: $? = 0
configure:22234: result: yes
configure:22245: checking for clock_t
configure:22275: /home/user1/miniconda3/envs/Env/bin/x86_64-conda_cos6-linux-gnu-c++ -c -fvisibility-inlines-hidden -std=c++17 -fmessage-length=0 -march=nocona -mtune=haswell -ftree-vectorize -fPIC -fstack-protector-strong -fno-plt -O2 -pipe -DNDEBUG -D_FORTIFY_SOURCE=2 -O2 conftest.cpp >&5
configure:22281: $? = 0
configure:22296: result: yes
configure:22307: checking for an ANSI C-conforming const
configure:22382: /home/user1/miniconda3/envs/Env/bin/x86_64-conda_cos6-linux-gnu-c++ -c -fvisibility-inlines-hidden -std=c++17 -fmessage-length=0 -march=nocona -mtune=haswell -ftree-vectorize -fPIC -fstack-protector-strong -fno-plt -O2 -pipe -DNDEBUG -D_FORTIFY_SOURCE=2 -O2 conftest.cpp >&5
configure:22388: $? = 0
configure:22403: result: yes
configure:22413: checking for inline
configure:22439: /home/user1/miniconda3/envs/Env/bin/x86_64-conda_cos6-linux-gnu-c++ -c -fvisibility-inlines-hidden -std=c++17 -fmessage-length=0 -march=nocona -mtune=haswell -ftree-vectorize -fPIC -fstack-protector-strong -fno-plt -O2 -pipe -DNDEBUG -D_FORTIFY_SOURCE=2 -O2 conftest.cpp >&5
configure:22445: $? = 0
configure:22463: result: inline
configure:22488: checking for rint
configure:22544: /home/user1/miniconda3/envs/Env/bin/x86_64-conda_cos6-linux-gnu-c++ -o conftest -fvisibility-inlines-hidden -std=c++17 -fmessage-length=0 -march=nocona -mtune=haswell -ftree-vectorize -fPIC -fstack-protector-strong -fno-plt -O2 -pipe -DNDEBUG -D_FORTIFY_SOURCE=2 -O2 -Wl,-O2 -Wl,--sort-common -Wl,--as-needed -Wl,-z,relro -Wl,-z,now conftest.cpp -lm  >&5
conftest.cpp:61:6: warning: declaration of 'char rint()' conflicts with built-in declaration 'double rint(double)' [-Wbuiltin-declaration-mismatch]
 char rint ();
      ^~~~
configure:22550: $? = 0
configure:22568: result: yes
configure:22488: checking for sranddev
configure:22544: /home/user1/miniconda3/envs/Env/bin/x86_64-conda_cos6-linux-gnu-c++ -o conftest -fvisibility-inlines-hidden -std=c++17 -fmessage-length=0 -march=nocona -mtune=haswell -ftree-vectorize -fPIC -fstack-protector-strong -fno-plt -O2 -pipe -DNDEBUG -D_FORTIFY_SOURCE=2 -O2 -Wl,-O2 -Wl,--sort-common -Wl,--as-needed -Wl,-z,relro -Wl,-z,now conftest.cpp -lm  >&5
/tmp/ccXGzrAN.o: In function `main':
conftest.cpp:(.text.startup+0x6): undefined reference to `sranddev'
collect2: error: ld returned 1 exit status
configure:22550: $? = 1
configure: failed program was:
| /* confdefs.h.  */
| #define PACKAGE_NAME "Open Babel"
| #define PACKAGE_TARNAME "openbabel"
| #define PACKAGE_VERSION "2.1.1"
| #define PACKAGE_STRING "Open Babel 2.1.1"
| #define PACKAGE_BUGREPORT "openbabel-discuss@lists.sourceforge.net"
| #define BABEL_VERSION "2.1.1"
| #define BABEL_DATADIR "/usr/local/share/openbabel"
| #define STDC_HEADERS 1
| #define HAVE_SYS_TYPES_H 1
| #define HAVE_SYS_STAT_H 1
| #define HAVE_STDLIB_H 1
| #define HAVE_STRING_H 1
| #define HAVE_MEMORY_H 1
| #define HAVE_STRINGS_H 1
| #define HAVE_INTTYPES_H 1
| #define HAVE_STDINT_H 1
| #define HAVE_UNISTD_H 1
| #define HAVE_DLFCN_H 1
| #define MODULE_EXTENSION ".so"
| #define HAVE_LIBM 1
| #define HAVE_ICONV_H 1
| #define HAVE_SYS_TIME_H 1
| #define HAVE_UNISTD_H 1
| #define HAVE_STDLIB_H 1
| #define HAVE_STDIO_H 1
| #define HAVE_STRING_H 1
| #define HAVE_MATH_H 1
| #define HAVE_TIME_H 1
| #define HAVE_CTYPE_H 1
| #define HAVE_IOSTREAM 1
| #define HAVE_FSTREAM 1
| #define HAVE_SSTREAM 1
| #define HAVE_STRSTREAM 1
| #define TIME_WITH_SYS_TIME 1
| #define HAVE_CLOCK_T 1
| #define HAVE_RINT 1
| /* end confdefs.h.  */
| /* Define sranddev to an innocuous variant, in case <limits.h> declares sranddev.
|    For example, HP-UX 11i <limits.h> declares gettimeofday.  */
| #define sranddev innocuous_sranddev
| 
| /* System header to define __stub macros and hopefully few prototypes,
|     which can conflict with char sranddev (); below.
|     Prefer <limits.h> to <assert.h> if __STDC__ is defined, since
|     <limits.h> exists even on freestanding compilers.  */
| 
| #ifdef __STDC__
| # include <limits.h>
| #else
| # include <assert.h>
| #endif
| 
| #undef sranddev
| 
| /* Override any GCC internal prototype to avoid an error.
|    Use char because int might match the return type of a GCC
|    builtin and then its argument prototype would still apply.  */
| #ifdef __cplusplus
| extern "C"
| #endif
| char sranddev ();
| /* The GNU C library defines this for functions which it implements
|     to always fail with ENOSYS.  Some functions are actually named
|     something starting with __ and the normal name is an alias.  */
| #if defined __stub_sranddev || defined __stub___sranddev
| choke me
| #endif
| 
| int
| main ()
| {
| return sranddev ();
|   ;
|   return 0;
| }
configure:22568: result: no
configure:22583: checking for snprintf
configure:22639: /home/user1/miniconda3/envs/Env/bin/x86_64-conda_cos6-linux-gnu-c++ -o conftest -fvisibility-inlines-hidden -std=c++17 -fmessage-length=0 -march=nocona -mtune=haswell -ftree-vectorize -fPIC -fstack-protector-strong -fno-plt -O2 -pipe -DNDEBUG -D_FORTIFY_SOURCE=2 -O2 -Wl,-O2 -Wl,--sort-common -Wl,--as-needed -Wl,-z,relro -Wl,-z,now conftest.cpp -lm  >&5
conftest.cpp:62:6: warning: declaration of 'char snprintf()' conflicts with built-in declaration 'int snprintf(char*, long unsigned int, const char*, ...)' [-Wbuiltin-declaration-mismatch]
 char snprintf ();
      ^~~~~~~~
configure:22645: $? = 0
configure:22663: result: yes
configure:22583: checking for strncasecmp
configure:22639: /home/user1/miniconda3/envs/Env/bin/x86_64-conda_cos6-linux-gnu-c++ -o conftest -fvisibility-inlines-hidden -std=c++17 -fmessage-length=0 -march=nocona -mtune=haswell -ftree-vectorize -fPIC -fstack-protector-strong -fno-plt -O2 -pipe -DNDEBUG -D_FORTIFY_SOURCE=2 -O2 -Wl,-O2 -Wl,--sort-common -Wl,--as-needed -Wl,-z,relro -Wl,-z,now conftest.cpp -lm  >&5
configure:22645: $? = 0
configure:22663: result: yes
configure:22685: checking whether scandir needs a const cast
configure:22702: /home/user1/miniconda3/envs/Env/bin/x86_64-conda_cos6-linux-gnu-c++ -c -fvisibility-inlines-hidden -std=c++17 -fmessage-length=0 -march=nocona -mtune=haswell -ftree-vectorize -fPIC -fstack-protector-strong -fno-plt -O2 -pipe -DNDEBUG -D_FORTIFY_SOURCE=2 -O2 conftest.cpp >&5
conftest.cpp:6:56: error: invalid conversion from 'int (*)(dirent*)' to 'int (*)(const dirent*)' [-fpermissive]
  int count = scandir ("./", &entries_pp,  matchFiles, 0);
                                                        ^
In file included from conftest.cpp:3:0:
/home/user1/miniconda3/envs/Env/x86_64-conda_cos6-linux-gnu/sysroot/usr/include/dirent.h:252:12: note:   initializing argument 3 of 'int scandir(const char*, dirent***, int (*)(const dirent*), int (*)(const dirent**, const dirent**))'
 extern int scandir (__const char *__restrict __dir,
            ^~~~~~~
configure:22708: $? = 1
configure: failed program was:
| 
| #include <sys/types.h>
| #include <dirent.h>
|  extern int matchFiles (struct dirent *entry_p);
|  struct dirent **entries_pp;
|  int count = scandir ("./", &entries_pp,  matchFiles, 0);
| 
configure:22742: result: yes
configure:22955: creating ./config.status

## ---------------------- ##
## Running config.status. ##
## ---------------------- ##

This file was extended by Open Babel config.status 2.1.1, which was
generated by GNU Autoconf 2.61.  Invocation command line was

  CONFIG_FILES    = 
  CONFIG_HEADERS  = 
  CONFIG_LINKS    = 
  CONFIG_COMMANDS = 
  $ ./config.status 

on devc-008

config.status:722: creating Makefile
config.status:722: creating data/Makefile
config.status:722: creating src/Makefile
config.status:722: creating src/math/Makefile
config.status:722: creating src/formats/Makefile
config.status:722: creating src/fingerprints/Makefile
config.status:722: creating src/formats/xml/Makefile
config.status:722: creating src/formats/inchi/Makefile
config.status:722: creating src/forcefields/Makefile
config.status:722: creating src/GUI/Makefile
config.status:722: creating include/Makefile
config.status:722: creating include/openbabel/Makefile
config.status:722: creating include/openbabel/math/Makefile
config.status:722: creating test/Makefile
config.status:722: creating test/cmltest/Makefile
config.status:722: creating tools/Makefile
config.status:722: creating doc/Makefile
config.status:722: creating scripts/Makefile
config.status:722: creating openbabel-2.0.pc
config.status:722: creating src/config.h
config.status:971: src/config.h is unchanged
config.status:1017: executing depfiles commands
config.status:1017: executing include/openbabel/babelconfig.h commands

## ---------------- ##
## Cache variables. ##
## ---------------- ##

ac_cv_build=x86_64-unknown-linux-gnu
ac_cv_c_bigendian=no
ac_cv_c_compiler_gnu=yes
ac_cv_c_const=yes
ac_cv_c_inline=inline
ac_cv_cxx_compiler_gnu=yes
ac_cv_env_CCC_set=
ac_cv_env_CCC_value=
ac_cv_env_CC_set=set
ac_cv_env_CC_value=/home/user1/miniconda3/envs/Env/bin/x86_64-conda_cos6-linux-gnu-cc
ac_cv_env_CFLAGS_set=set
ac_cv_env_CFLAGS_value='-march=nocona -mtune=haswell -ftree-vectorize -fPIC -fstack-protector-strong -fno-plt -O2 -pipe'
ac_cv_env_CPPFLAGS_set=set
ac_cv_env_CPPFLAGS_value='-DNDEBUG -D_FORTIFY_SOURCE=2 -O2'
ac_cv_env_CPP_set=set
ac_cv_env_CPP_value=/home/user1/miniconda3/envs/Env/bin/x86_64-conda_cos6-linux-gnu-cpp
ac_cv_env_CXXCPP_set=
ac_cv_env_CXXCPP_value=
ac_cv_env_CXXFLAGS_set=set
ac_cv_env_CXXFLAGS_value='-fvisibility-inlines-hidden -std=c++17 -fmessage-length=0 -march=nocona -mtune=haswell -ftree-vectorize -fPIC -fstack-protector-strong -fno-plt -O2 -pipe'
ac_cv_env_CXX_set=set
ac_cv_env_CXX_value=/home/user1/miniconda3/envs/Env/bin/x86_64-conda_cos6-linux-gnu-c++
ac_cv_env_F77_set=set
ac_cv_env_F77_value=/home/user1/miniconda3/envs/Env/bin/x86_64-conda_cos6-linux-gnu-gfortran
ac_cv_env_FFLAGS_set=set
ac_cv_env_FFLAGS_value='-fopenmp -march=nocona -mtune=haswell -ftree-vectorize -fPIC -fstack-protector-strong -fno-plt -O2 -pipe'
ac_cv_env_LDFLAGS_set=set
ac_cv_env_LDFLAGS_value='-Wl,-O2 -Wl,--sort-common -Wl,--as-needed -Wl,-z,relro -Wl,-z,now'
ac_cv_env_LIBS_set=
ac_cv_env_LIBS_value=
ac_cv_env_build_alias_set=
ac_cv_env_build_alias_value=
ac_cv_env_host_alias_set=
ac_cv_env_host_alias_value=
ac_cv_env_target_alias_set=
ac_cv_env_target_alias_value=
ac_cv_f77_compiler_gnu=yes
ac_cv_func_dlopen=no
ac_cv_func_rint=yes
ac_cv_func_shl_load=no
ac_cv_func_snprintf=yes
ac_cv_func_sranddev=no
ac_cv_func_strncasecmp=yes
ac_cv_header_conio_h=no
ac_cv_header_ctype_h=yes
ac_cv_header_dlfcn_h=yes
ac_cv_header_fstream=yes
ac_cv_header_fstream_h=no
ac_cv_header_iconv_h=yes
ac_cv_header_inttypes_h=yes
ac_cv_header_iostream=yes
ac_cv_header_iostream_h=no
ac_cv_header_math_h=yes
ac_cv_header_memory_h=yes
ac_cv_header_sstream=yes
ac_cv_header_stdc=yes
ac_cv_header_stdint_h=yes
ac_cv_header_stdio_h=yes
ac_cv_header_stdlib_h=yes
ac_cv_header_string_h=yes
ac_cv_header_strings_h=yes
ac_cv_header_strstream=yes
ac_cv_header_strstream_h=no
ac_cv_header_sys_stat_h=yes
ac_cv_header_sys_time_h=yes
ac_cv_header_sys_types_h=yes
ac_cv_header_time=yes
ac_cv_header_time_h=yes
ac_cv_header_unistd_h=yes
ac_cv_header_zlib_h=no
ac_cv_host=x86_64-unknown-linux-gnu
ac_cv_lib_c_dlopen=no
ac_cv_lib_dl_dlopen=yes
ac_cv_lib_dld_shl_load=no
ac_cv_lib_inchi_GetINCHI=no
ac_cv_lib_m_asin=yes
ac_cv_lib_z_inflateEnd=no
ac_cv_objext=o
ac_cv_path_DOXYGEN=/usr/bin/doxygen
ac_cv_path_EGREP='/usr/bin/grep -E'
ac_cv_path_GREP=/usr/bin/grep
ac_cv_path_PERL=/usr/bin/perl
ac_cv_path_PROVE=/usr/bin/prove
ac_cv_path_PYTHON=/home/user1/miniconda3/envs/Env/bin/python
ac_cv_path_SWIG=/usr/bin/swig
ac_cv_path_XML2_CONFIG=/home/user1/miniconda3/envs/Env/bin/xml2-config
ac_cv_path_install='/usr/bin/install -c'
ac_cv_path_mkdir=/usr/bin/mkdir
ac_cv_prog_AWK=gawk
ac_cv_prog_CPP=/home/user1/miniconda3/envs/Env/bin/x86_64-conda_cos6-linux-gnu-cpp
ac_cv_prog_CXXCPP='/home/user1/miniconda3/envs/Env/bin/x86_64-conda_cos6-linux-gnu-c++ -E'
ac_cv_prog_ac_ct_AR=/home/user1/miniconda3/envs/Env/bin/x86_64-conda_cos6-linux-gnu-ar
ac_cv_prog_ac_ct_CC=/home/user1/miniconda3/envs/Env/bin/x86_64-conda_cos6-linux-gnu-cc
ac_cv_prog_ac_ct_RANLIB=/home/user1/miniconda3/envs/Env/bin/x86_64-conda_cos6-linux-gnu-ranlib
ac_cv_prog_ac_ct_STRIP=/home/user1/miniconda3/envs/Env/bin/x86_64-conda_cos6-linux-gnu-strip
ac_cv_prog_cc_c89=
ac_cv_prog_cc_g=yes
ac_cv_prog_cxx_g=yes
ac_cv_prog_f77_g=yes
ac_cv_prog_make_make_set=yes
ac_cv_type_clock_t=yes
am_cv_CC_dependencies_compiler_type=gcc3
am_cv_CXX_dependencies_compiler_type=gcc3
lt_cv_deplibs_check_method=pass_all
lt_cv_dlopen=dlopen
lt_cv_dlopen_libs=-ldl
lt_cv_dlopen_self=yes
lt_cv_dlopen_self_static=no
lt_cv_file_magic_cmd='$MAGIC_CMD'
lt_cv_file_magic_test_file=
lt_cv_ld_reload_flag=-r
lt_cv_objdir=.libs
lt_cv_path_LD=/home/user1/miniconda3/envs/Env/bin/x86_64-conda_cos6-linux-gnu-ld
lt_cv_path_LDCXX='/home/user1/miniconda3/envs/Env/bin/x86_64-conda_cos6-linux-gnu-ld -m elf_x86_64'
lt_cv_path_NM=/home/user1/miniconda3/envs/Env/bin/x86_64-conda_cos6-linux-gnu-nm
lt_cv_path_SED=/usr/bin/sed
lt_cv_prog_compiler_c_o=yes
lt_cv_prog_compiler_c_o_CXX=yes
lt_cv_prog_compiler_c_o_F77=yes
lt_cv_prog_compiler_rtti_exceptions=no
lt_cv_prog_gnu_ld=yes
lt_cv_prog_gnu_ldcxx=yes
lt_cv_sys_global_symbol_pipe='sed -n -e '\''s/^.*[ 	]\([ABCDGIRSTW][ABCDGIRSTW]*\)[ 	][ 	]*\([_A-Za-z][_A-Za-z0-9]*\)$/\1 \2 \2/p'\'''
lt_cv_sys_global_symbol_to_c_name_address='sed -n -e '\''s/^: \([^ ]*\) $/  {\"\1\", (lt_ptr) 0},/p'\'' -e '\''s/^[BCDEGRST] \([^ ]*\) \([^ ]*\)$/  {"\2", (lt_ptr) \&\2},/p'\'''
lt_cv_sys_global_symbol_to_cdecl='sed -n -e '\''s/^. .* \(.*\)$/extern int \1;/p'\'''
lt_cv_sys_max_cmd_len=32768
lt_lt_cv_prog_compiler_c_o='"yes"'
lt_lt_cv_prog_compiler_c_o_CXX='"yes"'
lt_lt_cv_prog_compiler_c_o_F77='"yes"'
lt_lt_cv_sys_global_symbol_pipe='"sed -n -e '\''s/^.*[ 	]\\([ABCDGIRSTW][ABCDGIRSTW]*\\)[ 	][ 	]*\\([_A-Za-z][_A-Za-z0-9]*\\)\$/\\1 \\2 \\2/p'\''"'
lt_lt_cv_sys_global_symbol_to_c_name_address='"sed -n -e '\''s/^: \\([^ ]*\\) \$/  {\\\"\\1\\\", (lt_ptr) 0},/p'\'' -e '\''s/^[BCDEGRST] \\([^ ]*\\) \\([^ ]*\\)\$/  {\"\\2\", (lt_ptr) \\&\\2},/p'\''"'
lt_lt_cv_sys_global_symbol_to_cdecl='"sed -n -e '\''s/^. .* \\(.*\\)\$/extern int \\1;/p'\''"'

## ----------------- ##
## Output variables. ##
## ----------------- ##

ACLOCAL='${SHELL} /lwork02/yg/Tools/FAF/FAFDrugs2/extras/openbabel-2.1.1/missing --run aclocal-1.10'
AMDEPBACKSLASH='\'
AMDEP_FALSE='#'
AMDEP_TRUE=''
AMTAR='${SHELL} /lwork02/yg/Tools/FAF/FAFDrugs2/extras/openbabel-2.1.1/missing --run tar'
AR='/home/user1/miniconda3/envs/Env/bin/x86_64-conda_cos6-linux-gnu-ar'
AS='/home/user1/miniconda3/envs/Env/bin/x86_64-conda_cos6-linux-gnu-as'
AUTOCONF='sleep 9 ; true || autoconf || skipped'
AUTOHEADER='sleep 9 ; true || autoheader || skipped'
AUTOMAKE='sleep 9 ; true || automake || skipped'
AWK='gawk'
BUILD_DOCS_FALSE='#'
BUILD_DOCS_TRUE=''
BUILD_INCHI_FALSE='#'
BUILD_INCHI_TRUE=''
BUILD_PCH_FALSE=''
BUILD_PCH_TRUE='#'
BUILD_RUBY_FALSE=''
BUILD_RUBY_TRUE='#'
BUILD_SCRIPTS_FALSE='#'
BUILD_SCRIPTS_TRUE=''
BUILD_SHARED_FALSE='#'
BUILD_SHARED_TRUE=''
BUILD_SWIG_FALSE='#'
BUILD_SWIG_TRUE=''
BUILD_WXGUI_FALSE=''
BUILD_WXGUI_TRUE='#'
BUILD_XML_FALSE='#'
BUILD_XML_TRUE=''
BUILD_ZLIB_FALSE=''
BUILD_ZLIB_TRUE='#'
CC='/home/user1/miniconda3/envs/Env/bin/x86_64-conda_cos6-linux-gnu-cc'
CCDEPMODE='depmode=gcc3'
CFLAGS='-march=nocona -mtune=haswell -ftree-vectorize -fPIC -fstack-protector-strong -fno-plt -O2 -pipe'
CPP='/home/user1/miniconda3/envs/Env/bin/x86_64-conda_cos6-linux-gnu-cpp'
CPPFLAGS='-DNDEBUG -D_FORTIFY_SOURCE=2 -O2'
CXX='/home/user1/miniconda3/envs/Env/bin/x86_64-conda_cos6-linux-gnu-c++'
CXXCPP='/home/user1/miniconda3/envs/Env/bin/x86_64-conda_cos6-linux-gnu-c++ -E'
CXXDEPMODE='depmode=gcc3'
CXXFLAGS='-fvisibility-inlines-hidden -std=c++17 -fmessage-length=0 -march=nocona -mtune=haswell -ftree-vectorize -fPIC -fstack-protector-strong -fno-plt -O2 -pipe'
CYGPATH_W='echo'
DEFS='-DHAVE_CONFIG_H'
DEPDIR='.deps'
DLLTOOL='dlltool'
DOXYGEN='/usr/bin/doxygen'
ECHO='echo'
ECHO_C=''
ECHO_N='-n'
ECHO_T=''
EGREP='/usr/bin/grep -E'
EXEEXT=''
F77='/home/user1/miniconda3/envs/Env/bin/x86_64-conda_cos6-linux-gnu-gfortran'
FFLAGS='-fopenmp -march=nocona -mtune=haswell -ftree-vectorize -fPIC -fstack-protector-strong -fno-plt -O2 -pipe'
GREP='/usr/bin/grep'
INSTALL_DATA='${INSTALL} -m 644'
INSTALL_PROGRAM='${INSTALL}'
INSTALL_SCRIPT='${INSTALL}'
INSTALL_STRIP_PROGRAM='$(install_sh) -c -s'
LDFLAGS='-Wl,-O2 -Wl,--sort-common -Wl,--as-needed -Wl,-z,relro -Wl,-z,now'
LIBDL='-ldl'
LIBOBJS=''
LIBS='-lm '
LIBTOOL='$(SHELL) $(top_builddir)/libtool'
LN_S='ln -s'
LTLIBOBJS=''
MAINT='#'
MAINTAINER_MODE_FALSE=''
MAINTAINER_MODE_TRUE='#'
MAKEINFO='${SHELL} /lwork02/yg/Tools/FAF/FAFDrugs2/extras/openbabel-2.1.1/missing --run makeinfo'
OBJDUMP='/home/user1/miniconda3/envs/Env/bin/x86_64-conda_cos6-linux-gnu-objdump'
OBJEXT='o'
PACKAGE='openbabel'
PACKAGE_BUGREPORT='openbabel-discuss@lists.sourceforge.net'
PACKAGE_NAME='Open Babel'
PACKAGE_STRING='Open Babel 2.1.1'
PACKAGE_TARNAME='openbabel'
PACKAGE_VERSION='2.1.1'
PATH_SEPARATOR=':'
PERL='/usr/bin/perl'
PERL_TESTS_FALSE='#'
PERL_TESTS_TRUE=''
PROVE='/usr/bin/prove'
PYTHON='/home/user1/miniconda3/envs/Env/bin/python'
RANLIB='/home/user1/miniconda3/envs/Env/bin/x86_64-conda_cos6-linux-gnu-ranlib'
RUBY=''
SET_MAKE=''
SHELL='/bin/sh'
STRIP='/home/user1/miniconda3/envs/Env/bin/x86_64-conda_cos6-linux-gnu-strip'
SWIG='/usr/bin/swig'
VERSION='2.1.1'
WX_CPPFLAGS=''
WX_CXXFLAGS=''
WX_LIBS=''
XML2_CONFIG='/home/user1/miniconda3/envs/Env/bin/xml2-config'
XML_CPPFLAGS='-I/home/user1/miniconda3/envs/Env/include/libxml2 -I/home/user1/miniconda3/envs/Env/include'
XML_LIBS='-L/home/user1/miniconda3/envs/Env/lib -lxml2 -L/home/user1/miniconda3/envs/Env/lib -lz -L/home/user1/miniconda3/envs/Env/lib -llzma -L/home/user1/miniconda3/envs/Env/lib -L/home/user1/miniconda3/envs/Env/lib -licui18n -licuuc -licudata -lm -ldl'
ac_ct_CC='/home/user1/miniconda3/envs/Env/bin/x86_64-conda_cos6-linux-gnu-cc'
ac_ct_CXX=''
ac_ct_F77=''
am__fastdepCC_FALSE='#'
am__fastdepCC_TRUE=''
am__fastdepCXX_FALSE='#'
am__fastdepCXX_TRUE=''
am__include='include'
am__isrc=''
am__leading_dot='.'
am__quote=''
am__tar='${AMTAR} chof - "$$tardir"'
am__untar='${AMTAR} xf -'
bindir='${exec_prefix}/bin'
build='x86_64-unknown-linux-gnu'
build_alias=''
build_cpu='x86_64'
build_os='linux-gnu'
build_vendor='unknown'
datadir='${datarootdir}'
datarootdir='${prefix}/share'
docdir='${datarootdir}/doc/${PACKAGE_TARNAME}'
dvidir='${docdir}'
exec_prefix='${prefix}'
host='x86_64-unknown-linux-gnu'
host_alias=''
host_cpu='x86_64'
host_os='linux-gnu'
host_vendor='unknown'
htmldir='${docdir}'
includedir='${prefix}/include'
infodir='${datarootdir}/info'
install_sh='$(SHELL) /lwork02/yg/Tools/FAF/FAFDrugs2/extras/openbabel-2.1.1/install-sh'
libdir='${exec_prefix}/lib'
libexecdir='${exec_prefix}/libexec'
localedir='${datarootdir}/locale'
localstatedir='${prefix}/var'
mandir='${datarootdir}/man'
mkdir_p='/usr/bin/mkdir -p'
oldincludedir='/usr/include'
pdfdir='${docdir}'
pkglibdir='$(libdir)/$(PACKAGE)'
prefix='/usr/local'
program_transform_name='s,x,x,'
psdir='${docdir}'
sbindir='${exec_prefix}/sbin'
sharedstatedir='${prefix}/com'
sysconfdir='${prefix}/etc'
target_alias=''

## ----------- ##
## confdefs.h. ##
## ----------- ##

#define PACKAGE_NAME "Open Babel"
#define PACKAGE_TARNAME "openbabel"
#define PACKAGE_VERSION "2.1.1"
#define PACKAGE_STRING "Open Babel 2.1.1"
#define PACKAGE_BUGREPORT "openbabel-discuss@lists.sourceforge.net"
#define BABEL_VERSION "2.1.1"
#define BABEL_DATADIR "/usr/local/share/openbabel"
#define STDC_HEADERS 1
#define HAVE_SYS_TYPES_H 1
#define HAVE_SYS_STAT_H 1
#define HAVE_STDLIB_H 1
#define HAVE_STRING_H 1
#define HAVE_MEMORY_H 1
#define HAVE_STRINGS_H 1
#define HAVE_INTTYPES_H 1
#define HAVE_STDINT_H 1
#define HAVE_UNISTD_H 1
#define HAVE_DLFCN_H 1
#define MODULE_EXTENSION ".so"
#define HAVE_LIBM 1
#define HAVE_ICONV_H 1
#define HAVE_SYS_TIME_H 1
#define HAVE_UNISTD_H 1
#define HAVE_STDLIB_H 1
#define HAVE_STDIO_H 1
#define HAVE_STRING_H 1
#define HAVE_MATH_H 1
#define HAVE_TIME_H 1
#define HAVE_CTYPE_H 1
#define HAVE_IOSTREAM 1
#define HAVE_FSTREAM 1
#define HAVE_SSTREAM 1
#define HAVE_STRSTREAM 1
#define TIME_WITH_SYS_TIME 1
#define HAVE_CLOCK_T 1
#define HAVE_RINT 1
#define HAVE_SNPRINTF 1
#define HAVE_STRNCASECMP 1
#define SCANDIR_T (int (*)(const dirent *))
#define SCANDIR_CONST const

configure: exit 0
