#
# XLOGP v2.0 logP calculation: Thu May  7 09:31:42 2020
#
# Name of molecule : ZINC000606138514
# Molecular formula: C18H17N3O3S
# Molecular weight : 355.28 
#
----------------------------------------------
ID   atom type                  contribution
----------------------------------------------
1    O.2                        -0.399  
2    C.2.x                      -0.027  
3    N.pl3.h                    -0.096  
4    C.3.x                      -0.137  
5    C.3                         0.358  
6    C.3                        -0.008  
7    C.ar                        0.296  
8    C.ar                        0.337  
9    C.ar                        0.337  
10   C.ar.x                     -0.151  
11   O.3.h                       0.082  
12   C.ar                        0.337  
13   C.ar                        0.337  
14   C.2.x                      -0.027  
15   O.2                        -0.399  
16   N.pl3.h                    -0.096  
17   C.ar.x                     -0.151  
18   C.ar                        0.337  
19   C.ar                        0.337  
20   C.ar.x                      0.174  
21   N.ar                       -0.493  
22   C.ar.x                      0.126  
23   S.2                        -0.148  
24   C.ar.x                      0.174  
25   C.ar                        0.337  
----------------------------------------------
Calculated LogP =  1.44

