#Group_id  N_of_members members 
       1        1 2 
       2        1 3 
       3        2 4 5 
       4        1 6 
       5        1 7 
       6        1 8 
       7        1 9 
       8        3 10 11 742 
       9        6 12 13 29 30 52 53 
      10        1 14 
      11        1 15 
      12        1 16 
      13        1 17 
      14        1 18 
      15        1 19 
      16        1 20 
      17        1 21 
      18       20 22 113 23 237 238 263 350 48 59 71 72 73 49 58 120 122 155 25 33 34 
      19        1 24 
      20        5 26 428 479 489 598 
      21        1 27 
      22        1 28 
      23        1 31 
      24        1 32 
      25        1 35 
      26        1 36 
      27        2 37 38 
      28        1 39 
      29        9 40 277 63 64 76 446 60 61 642 
      30        1 41 
      31        1 42 
      32        3 43 67 44 
      33        1 45 
      34        5 46 251 420 553 408 
      35        1 47 
      36        1 50 
      37        1 51 
      38        4 54 145 246 55 
      39        6 56 1065 1141 1355 777 1371 
      40        1 57 
      41        1 62 
      42        1 65 
      43        1 66 
      44       16 68 524 577 622 663 664 689 69 70 74 81 86 87 91 88 613 
      45        1 75 
      46        1 77 
      47        1 78 
      48        1 79 
      49        1 80 
      50        1 82 
      51        1 83 
      52        1 84 
      53        1 85 
      54        1 89 
      55        2 90 1232 
      56        1 92 
      57        1 93 
      58        1 94 
      59        2 95 199 
      60        1 96 
      61        1 97 
      62        1 98 
      63       11 99 360 436 197 206 231 448 459 505 563 198 
      64        1 100 
      65        1 101 
      66        1 102 
      67        3 103 104 105 
      68        1 106 
      69        1 107 
      70        1 108 
      71       11 109 388 119 272 336 355 432 160 184 227 258 
      72        2 110 215 
      73        8 111 1036 216 305 833 834 918 930 
      74        1 112 
      75        2 114 384 
      76        1 115 
      77        1 116 
      78        1 117 
      79        1 118 
      80        1 121 
      81        1 123 
      82        1 124 
      83        2 125 304 
      84        1 126 
      85        6 127 208 209 247 334 412 
      86        1 128 
      87        1 129 
      88        1 130 
      89        1 131 
      90        1 132 
      91        2 133 134 
      92        1 135 
      93        1 136 
      94        1 137 
      95        3 138 373 374 
      96        1 139 
      97        2 140 323 
      98        3 141 306 307 
      99        4 142 335 337 485 
     100        1 143 
     101        1 144 
     102        1 146 
     103        1 147 
     104        1 148 
     105        1 149 
     106        2 150 389 
     107        1 151 
     108        1 152 
     109        1 153 
     110        2 154 249 
     111        1 156 
     112        3 157 158 331 
     113        1 159 
     114        1 161 
     115        3 162 242 243 
     116        1 163 
     117        1 164 
     118        1 165 
     119        1 166 
     120        2 167 256 
     121        1 168 
     122        1 169 
     123        2 170 798 
     124        4 171 788 993 264 
     125        1 172 
     126        1 173 
     127        2 174 562 
     128        1 175 
     129        3 176 177 775 
     130       23 178 1231 254 269 270 345 346 506 507 508 523 564 565 567 1229 509 510 511 566 568 605 606 521 
     131        2 179 180 
     132        3 181 245 283 
     133        1 182 
     134        1 183 
     135        1 185 
     136        1 186 
     137        1 187 
     138        2 188 279 
     139        2 189 282 
     140        1 190 
     141        7 191 1086 222 262 545 629 842 
     142        1 192 
     143        1 193 
     144        1 194 
     145        1 195 
     146        1 196 
     147        1 200 
     148        1 201 
     149        1 202 
     150        1 203 
     151        1 204 
     152        1 205 
     153        1 207 
     154        1 210 
     155        2 211 212 
     156        1 213 
     157        1 214 
     158        2 217 309 
     159        1 218 
     160        1 219 
     161        1 220 
     162        1 221 
     163        3 223 328 329 
     164        1 224 
     165        1 225 
     166        1 226 
     167        1 228 
     168        1 229 
     169        1 230 
     170        1 232 
     171        7 233 234 235 467 267 268 365 
     172        1 236 
     173        2 239 799 
     174        2 240 480 
     175        1 241 
     176        1 244 
     177        1 248 
     178        1 250 
     179        2 252 554 
     180        1 253 
     181        2 255 999 
     182        1 257 
     183        1 259 
     184        1 260 
     185        1 261 
     186        1 265 
     187        1 266 
     188        1 271 
     189        2 273 274 
     190        5 275 356 425 433 666 
     191        1 276 
     192        1 278 
     193        1 280 
     194        1 281 
     195        1 284 
     196        1 285 
     197        2 286 1040 
     198        1 287 
     199        1 288 
     200        3 289 369 443 
     201        1 290 
     202        2 291 397 
     203        1 292 
     204        1 293 
     205        1 294 
     206        1 295 
     207        1 296 
     208        1 297 
     209        2 298 393 
     210        2 299 300 
     211        2 301 302 
     212        1 303 
     213        5 308 1029 503 767 915 
     214        1 310 
     215        1 311 
     216        1 312 
     217        2 313 362 
     218        1 314 
     219        1 315 
     220        2 316 493 
     221        1 317 
     222        1 318 
     223        1 319 
     224        1 320 
     225        1 321 
     226        1 322 
     227        1 324 
     228        3 325 404 405 
     229        1 326 
     230        1 327 
     231        1 330 
     232        2 332 513 
     233        2 333 614 
     234        1 338 
     235        2 339 340 
     236        1 341 
     237        1 342 
     238        1 343 
     239        1 344 
     240        1 347 
     241        1 348 
     242        1 349 
     243        1 351 
     244        1 352 
     245        1 353 
     246        1 354 
     247        1 357 
     248        2 358 544 
     249        1 359 
     250        1 361 
     251        2 363 1021 
     252        2 364 893 
     253        1 366 
     254        2 367 628 
     255        1 368 
     256        9 370 814 460 531 403 630 494 461 462 
     257        1 371 
     258        2 372 385 
     259        1 375 
     260        2 376 1032 
     261        2 377 378 
     262        1 379 
     263        2 380 473 
     264        1 381 
     265        1 382 
     266        1 383 
     267        1 386 
     268        1 387 
     269        2 390 481 
     270        1 391 
     271        1 392 
     272        2 394 395 
     273        1 396 
     274        1 398 
     275        1 399 
     276        1 400 
     277        1 401 
     278        1 402 
     279        1 406 
     280        1 407 
     281        1 409 
     282        1 410 
     283        1 411 
     284        2 413 484 
     285        1 414 
     286        6 415 416 417 418 419 902 
     287        1 421 
     288        1 422 
     289        2 423 424 
     290        1 426 
     291        2 427 498 
     292        1 429 
     293        1 430 
     294        1 431 
     295        1 434 
     296        1 435 
     297        1 437 
     298        2 438 1172 
     299        1 439 
     300        1 440 
     301        1 441 
     302        1 442 
     303        1 444 
     304        1 445 
     305        1 447 
     306        1 449 
     307        1 450 
     308        1 451 
     309        9 452 453 454 455 526 527 528 578 525 
     310        1 456 
     311        1 457 
     312        1 458 
     313       16 463 1064 1073 1122 1179 1206 1273 1274 604 810 831 904 905 981 835 1275 
     314        1 464 
     315        1 465 
     316        1 466 
     317        1 468 
     318        1 469 
     319        1 470 
     320        2 471 543 
     321        1 472 
     322        1 474 
     323        1 475 
     324        1 476 
     325        1 477 
     326        1 478 
     327        1 482 
     328        1 483 
     329        1 486 
     330        1 487 
     331        1 488 
     332        1 490 
     333        3 491 512 1176 
     334        1 492 
     335        1 495 
     336        5 496 1012 497 748 900 
     337        1 499 
     338        1 500 
     339        2 501 1004 
     340        1 502 
     341        1 504 
     342        1 514 
     343        1 515 
     344        1 516 
     345        1 517 
     346        1 518 
     347        1 519 
     348        6 520 522 574 575 610 611 
     349        1 529 
     350        2 530 1189 
     351        2 532 649 
     352        1 533 
     353        1 534 
     354        1 535 
     355        2 536 537 
     356        1 538 
     357        1 539 
     358        1 540 
     359        1 541 
     360        1 542 
     361        1 546 
     362        2 547 548 
     363        1 549 
     364        1 550 
     365        1 551 
     366        1 552 
     367        1 555 
     368        1 556 
     369        1 557 
     370        1 558 
     371        1 559 
     372        1 560 
     373        1 561 
     374        1 569 
     375        1 570 
     376        1 571 
     377        3 572 615 691 
     378        1 573 
     379        6 576 584 609 612 619 621 
     380        1 579 
     381        2 580 1191 
     382        1 581 
     383        1 582 
     384        1 583 
     385        1 585 
     386        1 586 
     387        1 587 
     388        2 588 589 
     389        2 590 591 
     390        1 592 
     391        1 593 
     392        1 594 
     393        1 595 
     394        1 596 
     395        4 597 640 653 682 
     396        1 599 
     397        2 600 678 
     398        3 601 650 681 
     399        1 602 
     400        1 603 
     401        1 607 
     402        1 608 
     403        1 616 
     404        2 617 618 
     405        1 620 
     406        1 623 
     407        1 624 
     408        1 625 
     409        1 626 
     410        1 627 
     411        1 631 
     412        1 632 
     413        1 633 
     414        1 634 
     415        2 635 636 
     416        1 637 
     417        2 638 696 
     418        1 639 
     419        1 641 
     420        1 643 
     421        1 644 
     422        1 645 
     423        2 646 647 
     424        1 648 
     425        1 651 
     426        1 652 
     427        1 654 
     428        1 655 
     429        1 656 
     430        1 657 
     431        1 658 
     432        1 659 
     433        1 660 
     434        1 661 
     435        1 662 
     436        1 665 
     437        1 667 
     438        1 668 
     439        1 669 
     440        1 670 
     441        1 671 
     442        1 672 
     443        2 673 1322 
     444        1 674 
     445        2 675 676 
     446        2 677 694 
     447        1 679 
     448        1 680 
     449        1 683 
     450        1 684 
     451        1 685 
     452        1 686 
     453        1 687 
     454        1 688 
     455        1 690 
     456        1 692 
     457        1 693 
     458        1 695 
     459        1 697 
     460        1 698 
     461        1 699 
     462        1 700 
     463        1 701 
     464        1 702 
     465        1 703 
     466        1 704 
     467        1 705 
     468        1 706 
     469        1 707 
     470        1 708 
     471        1 709 
     472        1 710 
     473        1 711 
     474        1 712 
     475        1 713 
     476        1 714 
     477        1 715 
     478        1 716 
     479        1 717 
     480        1 718 
     481        1 719 
     482        1 720 
     483        1 721 
     484        1 722 
     485        1 723 
     486        1 724 
     487        1 725 
     488        1 726 
     489        1 727 
     490        2 728 729 
     491        1 730 
     492        2 731 823 
     493        1 732 
     494        1 733 
     495        1 734 
     496        1 735 
     497        1 736 
     498        1 737 
     499        1 738 
     500        1 739 
     501        3 740 838 939 
     502        1 741 
     503        1 743 
     504        1 744 
     505       12 745 1053 766 781 827 852 853 874 955 802 829 927 
     506        2 746 875 
     507        1 747 
     508        1 749 
     509        1 750 
     510        1 751 
     511        1 752 
     512        1 753 
     513        9 754 1006 1007 1008 1009 870 871 872 873 
     514        2 755 949 
     515        2 756 878 
     516        2 757 879 
     517        2 758 880 
     518        1 759 
     519        1 760 
     520        2 761 762 
     521        2 763 764 
     522        1 765 
     523        4 768 1028 916 931 
     524        1 769 
     525        1 770 
     526        1 771 
     527        2 772 862 
     528        1 773 
     529        3 774 885 886 
     530        1 776 
     531        1 778 
     532        1 779 
     533        2 780 894 
     534       12 782 1019 1020 1095 783 907 863 864 865 876 890 969 
     535        1 784 
     536        2 785 787 
     537        3 786 1035 901 
     538        1 789 
     539        1 790 
     540        1 791 
     541        1 792 
     542        1 793 
     543        1 794 
     544        6 795 1070 1119 1145 976 977 
     545        1 796 
     546        1 797 
     547        1 800 
     548        1 801 
     549        3 803 828 928 
     550        2 804 818 
     551        1 805 
     552        1 806 
     553        1 807 
     554        1 808 
     555        1 809 
     556        3 811 1143 911 
     557        1 812 
     558        1 813 
     559        1 815 
     560        7 816 817 945 1132 844 845 846 
     561        1 819 
     562        1 820 
     563        2 821 922 
     564        1 822 
     565        1 824 
     566        1 825 
     567        1 826 
     568        1 830 
     569        1 832 
     570        3 836 1267 1268 
     571        6 837 1283 1130 1183 1184 1182 
     572        1 839 
     573        1 840 
     574        1 841 
     575        1 843 
     576        1 847 
     577        1 848 
     578        1 849 
     579        2 850 951 
     580        1 851 
     581        1 854 
     582        3 855 1153 856 
     583        1 857 
     584        2 858 859 
     585        2 860 961 
     586        1 861 
     587        1 866 
     588        1 867 
     589        1 868 
     590        1 869 
     591        1 877 
     592        1 881 
     593        2 882 1024 
     594        1 883 
     595        4 884 1027 1098 1074 
     596        1 887 
     597        1 888 
     598        1 889 
     599        1 891 
     600        1 892 
     601        1 895 
     602        3 896 1099 986 
     603        1 897 
     604        1 898 
     605        1 899 
     606        1 903 
     607        1 906 
     608        1 908 
     609        1 909 
     610        1 910 
     611        1 912 
     612        1 913 
     613        1 914 
     614        1 917 
     615        1 919 
     616        1 920 
     617        7 921 1142 1066 1067 970 971 972 
     618        1 923 
     619        1 924 
     620        1 925 
     621        1 926 
     622        1 929 
     623        1 932 
     624        1 933 
     625        8 934 1109 962 963 964 965 966 967 
     626        2 935 936 
     627        1 937 
     628        1 938 
     629        1 940 
     630        1 941 
     631        1 942 
     632        1 943 
     633        1 944 
     634        1 946 
     635        1 947 
     636        1 948 
     637        1 950 
     638        1 952 
     639        2 953 1044 
     640        2 954 1047 
     641        1 956 
     642        1 957 
     643        1 958 
     644        3 959 1238 1248 
     645        1 960 
     646        1 968 
     647        1 973 
     648        1 974 
     649        1 975 
     650        1 978 
     651        1 979 
     652        2 980 1150 
     653        1 982 
     654        1 983 
     655        1 984 
     656        3 985 1079 1080 
     657        3 987 1138 1139 
     658        5 988 1228 1001 1087 1088 
     659        1 989 
     660        1 990 
     661        1 991 
     662        1 992 
     663        1 994 
     664        1 995 
     665        2 996 1101 
     666        1 997 
     667        1 998 
     668        1 1000 
     669        1 1002 
     670        1 1003 
     671        1 1005 
     672        1 1010 
     673        1 1011 
     674        1 1013 
     675        1 1014 
     676        1 1015 
     677        1 1016 
     678        2 1017 1018 
     679        1 1022 
     680        1 1023 
     681        1 1025 
     682        1 1026 
     683        1 1030 
     684        1 1031 
     685        1 1033 
     686        1 1034 
     687        1 1037 
     688        1 1038 
     689        2 1039 1118 
     690        1 1041 
     691        1 1042 
     692        1 1043 
     693        1 1045 
     694        1 1046 
     695        1 1048 
     696        1 1049 
     697        1 1050 
     698        1 1051 
     699        1 1052 
     700        1 1054 
     701        2 1055 1056 
     702        1 1057 
     703        1 1058 
     704        1 1059 
     705        1 1060 
     706        1 1061 
     707        1 1062 
     708        1 1063 
     709        1 1068 
     710        1 1069 
     711        1 1071 
     712        1 1072 
     713        1 1075 
     714        1 1076 
     715        1 1077 
     716        1 1078 
     717        1 1081 
     718        4 1082 1193 1249 1103 
     719        1 1083 
     720        1 1084 
     721        1 1085 
     722        1 1089 
     723        1 1090 
     724        4 1091 1163 1226 1285 
     725        2 1092 1093 
     726        1 1094 
     727        4 1096 1120 1188 1204 
     728        1 1097 
     729        1 1100 
     730        1 1102 
     731        1 1104 
     732        2 1105 1186 
     733        1 1106 
     734        1 1107 
     735        1 1108 
     736        1 1110 
     737        2 1111 1207 
     738        2 1112 1208 
     739        4 1113 1317 1354 1377 
     740        1 1114 
     741        1 1115 
     742        1 1116 
     743        1 1117 
     744        5 1121 1318 1359 1378 1356 
     745        1 1123 
     746        1 1124 
     747        1 1125 
     748        2 1126 1133 
     749        1 1127 
     750        1 1128 
     751        1 1129 
     752        1 1131 
     753        1 1134 
     754        1 1135 
     755        1 1136 
     756        1 1137 
     757        1 1140 
     758        1 1144 
     759        5 1146 1147 1271 1282 1330 
     760        1 1148 
     761        1 1149 
     762        1 1151 
     763        1 1152 
     764        2 1154 1156 
     765        1 1155 
     766        1 1157 
     767        1 1158 
     768        1 1159 
     769        1 1160 
     770        2 1161 1162 
     771        3 1164 1295 1296 
     772        1 1165 
     773        1 1166 
     774        1 1167 
     775        1 1168 
     776        1 1169 
     777        1 1170 
     778        1 1171 
     779        1 1173 
     780        1 1174 
     781        1 1175 
     782        1 1177 
     783        1 1178 
     784        1 1180 
     785        1 1181 
     786        1 1185 
     787        1 1187 
     788        1 1190 
     789        1 1192 
     790        1 1194 
     791        1 1195 
     792        1 1196 
     793        1 1197 
     794        1 1198 
     795        1 1199 
     796        1 1200 
     797        1 1201 
     798        1 1202 
     799        1 1203 
     800        1 1205 
     801        1 1209 
     802        1 1210 
     803        1 1211 
     804        1 1212 
     805        2 1213 1215 
     806        1 1214 
     807        1 1216 
     808        1 1217 
     809        1 1218 
     810        1 1219 
     811        1 1220 
     812        1 1221 
     813        1 1222 
     814        1 1223 
     815        1 1224 
     816        2 1225 1284 
     817        1 1227 
     818        1 1230 
     819        2 1233 1234 
     820        1 1235 
     821        1 1236 
     822        1 1237 
     823        1 1239 
     824        1 1240 
     825        1 1241 
     826        1 1242 
     827        1 1243 
     828        2 1244 1352 
     829        1 1245 
     830        1 1246 
     831        2 1247 1255 
     832        2 1250 1313 
     833        1 1251 
     834        2 1252 1253 
     835        1 1254 
     836        4 1256 1257 1258 1259 
     837        1 1260 
     838        1 1261 
     839        1 1262 
     840        2 1263 1362 
     841        6 1264 1265 1360 1361 1326 1327 
     842        1 1266 
     843        1 1269 
     844        1 1270 
     845        1 1272 
     846        1 1276 
     847        1 1277 
     848        1 1278 
     849        1 1279 
     850        1 1280 
     851        1 1281 
     852        1 1286 
     853        1 1287 
     854        1 1288 
     855        2 1289 1290 
     856        1 1291 
     857        1 1292 
     858        2 1293 1294 
     859        1 1297 
     860        1 1298 
     861        5 1299 1300 1325 1346 1345 
     862        1 1301 
     863        1 1302 
     864        1 1303 
     865        2 1304 1305 
     866        1 1306 
     867        2 1307 1308 
     868        1 1309 
     869        1 1310 
     870        4 1311 1333 1334 1344 
     871        1 1312 
     872        2 1314 1348 
     873        1 1315 
     874        2 1316 1382 
     875        1 1319 
     876        1 1320 
     877        1 1321 
     878        1 1323 
     879        1 1324 
     880        2 1328 1329 
     881        2 1331 1342 
     882        1 1332 
     883        1 1335 
     884        1 1336 
     885        1 1337 
     886        1 1338 
     887        1 1339 
     888        1 1340 
     889        1 1341 
     890        2 1343 1347 
     891        1 1349 
     892        2 1350 1367 
     893        2 1351 1366 
     894        3 1353 1369 1370 
     895        1 1357 
     896        1 1358 
     897        1 1363 
     898        1 1364 
     899        1 1365 
     900        1 1368 
     901        1 1372 
     902        1 1373 
     903        1 1374 
     904        1 1375 
     905        1 1376 
     906        1 1379 
     907        1 1380 
     908        1 1381 
